{"meta": {"format": 3, "version": "7.16.1", "timestamp": "2026-09-22T11:53:31.054681", "branch_coverage": false, "show_contexts": false}, "files": {"anse/__init__.py": {"executed_lines": [5, 6], "summary": {"covered_lines": 2, "num_statements": 2, "percent_covered": 100.0, "percent_covered_display": "100", "missing_lines": 0, "excluded_lines": 0, "percent_statements_covered": 100.0, "percent_statements_covered_display": "100"}, "missing_lines": [], "excluded_lines": [], "functions": {"": {"executed_lines": [5, 6], "summary": {"covered_lines": 2, "num_statements": 2, "percent_covered": 100.0, "percent_covered_display": "100", "missing_lines": 0, "excluded_lines": 0, "percent_statements_covered": 100.0, "percent_statements_covered_display": "100"}, "missing_lines": [], "excluded_lines": [], "start_line": 1}}, "classes": {"": {"executed_lines": [5, 6], "summary": {"covered_lines": 2, "num_statements": 2, "percent_covered": 100.0, "percent_covered_display": "100", "missing_lines": 0, "excluded_lines": 0, "percent_statements_covered": 100.0, "percent_statements_covered_display": "100"}, "missing_lines": [], "excluded_lines": [], "start_line": 1}}}, "anse/algorithms/__init__.py": {"executed_lines": [], "summary": {"covered_lines": 0, "num_statements": 8, "percent_covered": 0.0, "percent_covered_display": "0", "missing_lines": 8, "excluded_lines": 0, "percent_statements_covered": 0.0, "percent_statements_covered_display": "0"}, "missing_lines": [13, 14, 15, 20, 21, 28, 29, 31], "excluded_lines": [], "functions": {"": {"executed_lines": [], "summary": {"covered_lines": 0, "num_statements": 8, "percent_covered": 0.0, "percent_covered_display": "0", "missing_lines": 8, "excluded_lines": 0, "percent_statements_covered": 0.0, "percent_statements_covered_display": "0"}, "missing_lines": [13, 14, 15, 20, 21, 28, 29, 31], "excluded_lines": [], "start_line": 1}}, "classes": {"": {"executed_lines": [], "summary": {"covered_lines": 0, "num_statements": 8, "percent_covered": 0.0, "percent_covered_display": "0", "missing_lines": 8, "excluded_lines": 0, "percent_statements_covered": 0.0, "percent_statements_covered_display": "0"}, "missing_lines": [13, 14, 15, 20, 21, 28, 29, 31], "excluded_lines": [], "start_line": 1}}}, "anse/algorithms/astar.py": {"executed_lines": [], "summary": {"covered_lines": 0, "num_statements": 56, "percent_covered": 0.0, "percent_covered_display": "0", "missing_lines": 56, "excluded_lines": 0, "percent_statements_covered": 0.0, "percent_statements_covered_display": "0"}, "missing_lines": [9, 11, 12, 13, 14, 15, 17, 20, 21, 34, 35, 36, 37, 38, 39, 42, 63, 64, 73, 74, 75, 77, 78, 79, 81, 84, 86, 87, 89, 90, 92, 93, 95, 97, 98, 99, 100, 101, 102, 103, 112, 114, 115, 116, 121, 122, 124, 125, 126, 127, 128, 129, 130, 131, 132, 134], "excluded_lines": [], "functions": {"astar_search": {"executed_lines": [], "summary": {"covered_lines": 0, "num_statements": 40, "percent_covered": 0.0, "percent_covered_display": "0", "missing_lines": 40, "excluded_lines": 0, "percent_statements_covered": 0.0, "percent_statements_covered_display": "0"}, "missing_lines": [63, 64, 73, 74, 75, 77, 78, 79, 81, 84, 86, 87, 89, 90, 92, 93, 95, 97, 98, 99, 100, 101, 102, 103, 112, 114, 115, 116, 121, 122, 124, 125, 126, 127, 128, 129, 130, 131, 132, 134], "excluded_lines": [], "start_line": 42}, "": {"executed_lines": [], "summary": {"covered_lines": 0, "num_statements": 16, "percent_covered": 0.0, "percent_covered_display": "0", "missing_lines": 16, "excluded_lines": 0, "percent_statements_covered": 0.0, "percent_statements_covered_display": "0"}, "missing_lines": [9, 11, 12, 13, 14, 15, 17, 20, 21, 34, 35, 36, 37, 38, 39, 42], "excluded_lines": [], "start_line": 1}}, "classes": {"AStarResult": {"executed_lines": [], "summary": {"covered_lines": 0, "num_statements": 0, "percent_covered": 100.0, "percent_covered_display": "100", "missing_lines": 0, "excluded_lines": 0, "percent_statements_covered": 100.0, "percent_statements_covered_display": "100"}, "missing_lines": [], "excluded_lines": [], "start_line": 21}, "": {"executed_lines": [], "summary": {"covered_lines": 0, "num_statements": 56, "percent_covered": 0.0, "percent_covered_display": "0", "missing_lines": 56, "excluded_lines": 0, "percent_statements_covered": 0.0, "percent_statements_covered_display": "0"}, "missing_lines": [9, 11, 12, 13, 14, 15, 17, 20, 21, 34, 35, 36, 37, 38, 39, 42, 63, 64, 73, 74, 75, 77, 78, 79, 81, 84, 86, 87, 89, 90, 92, 93, 95, 97, 98, 99, 100, 101, 102, 103, 112, 114, 115, 116, 121, 122, 124, 125, 126, 127, 128, 129, 130, 131, 132, 134], "excluded_lines": [], "start_line": 1}}}, "anse/algorithms/dijkstra.py": {"executed_lines": [], "summary": {"covered_lines": 0, "num_statements": 63, "percent_covered": 0.0, "percent_covered_display": "0", "missing_lines": 63, "excluded_lines": 0, "percent_statements_covered": 0.0, "percent_statements_covered_display": "0"}, "missing_lines": [9, 11, 12, 13, 14, 15, 17, 20, 21, 32, 33, 34, 35, 37, 43, 45, 47, 49, 55, 56, 58, 59, 60, 62, 63, 65, 66, 67, 68, 69, 70, 72, 73, 75, 76, 79, 99, 100, 101, 102, 105, 107, 108, 110, 111, 113, 114, 117, 118, 121, 122, 124, 125, 126, 127, 132, 133, 135, 136, 137, 138, 139, 141], "excluded_lines": [], "functions": {"ShortestPathResult.get_distance": {"executed_lines": [], "summary": {"covered_lines": 0, "num_statements": 1, "percent_covered": 0.0, "percent_covered_display": "0", "missing_lines": 1, "excluded_lines": 0, "percent_statements_covered": 0.0, "percent_statements_covered_display": "0"}, "missing_lines": [43], "excluded_lines": [], "start_line": 37}, "ShortestPathResult.is_reachable": {"executed_lines": [], "summary": {"covered_lines": 0, "num_statements": 1, "percent_covered": 0.0, "percent_covered_display": "0", "missing_lines": 1, "excluded_lines": 0, "percent_statements_covered": 0.0, "percent_statements_covered_display": "0"}, "missing_lines": [47], "excluded_lines": [], "start_line": 45}, "ShortestPathResult.get_path": {"executed_lines": [], "summary": {"covered_lines": 0, "num_statements": 17, "percent_covered": 0.0, "percent_covered_display": "0", "missing_lines": 17, "excluded_lines": 0, "percent_statements_covered": 0.0, "percent_statements_covered_display": "0"}, "missing_lines": [55, 56, 58, 59, 60, 62, 63, 65, 66, 67, 68, 69, 70, 72, 73, 75, 76], "excluded_lines": [], "start_line": 49}, "dijkstra_shortest_paths": {"executed_lines": [], "summary": {"covered_lines": 0, "num_statements": 27, "percent_covered": 0.0, "percent_covered_display": "0", "missing_lines": 27, "excluded_lines": 0, "percent_statements_covered": 0.0, "percent_statements_covered_display": "0"}, "missing_lines": [99, 100, 101, 102, 105, 107, 108, 110, 111, 113, 114, 117, 118, 121, 122, 124, 125, 126, 127, 132, 133, 135, 136, 137, 138, 139, 141], "excluded_lines": [], "start_line": 79}, "": {"executed_lines": [], "summary": {"covered_lines": 0, "num_statements": 17, "percent_covered": 0.0, "percent_covered_display": "0", "missing_lines": 17, "excluded_lines": 0, "percent_statements_covered": 0.0, "percent_statements_covered_display": "0"}, "missing_lines": [9, 11, 12, 13, 14, 15, 17, 20, 21, 32, 33, 34, 35, 37, 45, 49, 79], "excluded_lines": [], "start_line": 1}}, "classes": {"ShortestPathResult": {"executed_lines": [], "summary": {"covered_lines": 0, "num_statements": 19, "percent_covered": 0.0, "percent_covered_display": "0", "missing_lines": 19, "excluded_lines": 0, "percent_statements_covered": 0.0, "percent_statements_covered_display": "0"}, "missing_lines": [43, 47, 55, 56, 58, 59, 60, 62, 63, 65, 66, 67, 68, 69, 70, 72, 73, 75, 76], "excluded_lines": [], "start_line": 21}, "": {"executed_lines": [], "summary": {"covered_lines": 0, "num_statements": 44, "percent_covered": 0.0, "percent_covered_display": "0", "missing_lines": 44, "excluded_lines": 0, "percent_statements_covered": 0.0, "percent_statements_covered_display": "0"}, "missing_lines": [9, 11, 12, 13, 14, 15, 17, 20, 21, 32, 33, 34, 35, 37, 45, 49, 79, 99, 100, 101, 102, 105, 107, 108, 110, 111, 113, 114, 117, 118, 121, 122, 124, 125, 126, 127, 132, 133, 135, 136, 137, 138, 139, 141], "excluded_lines": [], "start_line": 1}}}, "anse/algorithms/fixed_point.py": {"executed_lines": [], "summary": {"covered_lines": 0, "num_statements": 45, "percent_covered": 0.0, "percent_covered_display": "0", "missing_lines": 45, "excluded_lines": 0, "percent_statements_covered": 0.0, "percent_statements_covered_display": "0"}, "missing_lines": [9, 11, 12, 13, 16, 17, 30, 31, 32, 33, 34, 35, 38, 48, 49, 50, 51, 52, 53, 54, 55, 56, 57, 58, 59, 62, 83, 84, 85, 86, 88, 89, 91, 92, 96, 97, 99, 100, 101, 102, 104, 105, 114, 115, 117], "excluded_lines": [], "functions": {"estimate_lipschitz_constant": {"executed_lines": [], "summary": {"covered_lines": 0, "num_statements": 12, "percent_covered": 0.0, "percent_covered_display": "0", "missing_lines": 12, "excluded_lines": 0, "percent_statements_covered": 0.0, "percent_statements_covered_display": "0"}, "missing_lines": [48, 49, 50, 51, 52, 53, 54, 55, 56, 57, 58, 59], "excluded_lines": [], "start_line": 38}, "solve_banach_fixed_point": {"executed_lines": [], "summary": {"covered_lines": 0, "num_statements": 19, "percent_covered": 0.0, "percent_covered_display": "0", "missing_lines": 19, "excluded_lines": 0, "percent_statements_covered": 0.0, "percent_statements_covered_display": "0"}, "missing_lines": [83, 84, 85, 86, 88, 89, 91, 92, 96, 97, 99, 100, 101, 102, 104, 105, 114, 115, 117], "excluded_lines": [], "start_line": 62}, "": {"executed_lines": [], "summary": {"covered_lines": 0, "num_statements": 14, "percent_covered": 0.0, "percent_covered_display": "0", "missing_lines": 14, "excluded_lines": 0, "percent_statements_covered": 0.0, "percent_statements_covered_display": "0"}, "missing_lines": [9, 11, 12, 13, 16, 17, 30, 31, 32, 33, 34, 35, 38, 62], "excluded_lines": [], "start_line": 1}}, "classes": {"FixedPointResult": {"executed_lines": [], "summary": {"covered_lines": 0, "num_statements": 0, "percent_covered": 100.0, "percent_covered_display": "100", "missing_lines": 0, "excluded_lines": 0, "percent_statements_covered": 100.0, "percent_statements_covered_display": "100"}, "missing_lines": [], "excluded_lines": [], "start_line": 17}, "": {"executed_lines": [], "summary": {"covered_lines": 0, "num_statements": 45, "percent_covered": 0.0, "percent_covered_display": "0", "missing_lines": 45, "excluded_lines": 0, "percent_statements_covered": 0.0, "percent_statements_covered_display": "0"}, "missing_lines": [9, 11, 12, 13, 16, 17, 30, 31, 32, 33, 34, 35, 38, 48, 49, 50, 51, 52, 53, 54, 55, 56, 57, 58, 59, 62, 83, 84, 85, 86, 88, 89, 91, 92, 96, 97, 99, 100, 101, 102, 104, 105, 114, 115, 117], "excluded_lines": [], "start_line": 1}}}, "anse/algorithms/kdtree.py": {"executed_lines": [], "summary": {"covered_lines": 0, "num_statements": 106, "percent_covered": 0.0, "percent_covered_display": "0", "missing_lines": 106, "excluded_lines": 0, "percent_statements_covered": 0.0, "percent_statements_covered_display": "0"}, "missing_lines": [9, 11, 12, 13, 14, 15, 17, 20, 21, 31, 32, 33, 36, 39, 41, 49, 50, 51, 52, 53, 56, 58, 61, 69, 76, 77, 78, 79, 80, 82, 83, 84, 85, 87, 88, 89, 90, 91, 94, 96, 97, 99, 102, 103, 105, 106, 107, 109, 110, 118, 119, 121, 128, 129, 131, 132, 133, 135, 136, 138, 140, 141, 143, 144, 145, 146, 148, 149, 150, 152, 155, 156, 158, 159, 165, 176, 177, 179, 180, 181, 184, 185, 187, 189, 190, 192, 194, 195, 196, 197, 198, 199, 201, 203, 204, 205, 207, 209, 210, 212, 214, 215, 216, 217, 225, 226], "excluded_lines": [], "functions": {"_KDNode.__init__": {"executed_lines": [], "summary": {"covered_lines": 0, "num_statements": 5, "percent_covered": 0.0, "percent_covered_display": "0", "missing_lines": 5, "excluded_lines": 0, "percent_statements_covered": 0.0, "percent_statements_covered_display": "0"}, "missing_lines": [49, 50, 51, 52, 53], "excluded_lines": [], "start_line": 41}, "_sq_dist": {"executed_lines": [], "summary": {"covered_lines": 0, "num_statements": 1, "percent_covered": 0.0, "percent_covered_display": "0", "missing_lines": 1, "excluded_lines": 0, "percent_statements_covered": 0.0, "percent_statements_covered_display": "0"}, "missing_lines": [58], "excluded_lines": [], "start_line": 56}, "KDTree.__init__": {"executed_lines": [], "summary": {"covered_lines": 0, "num_statements": 17, "percent_covered": 0.0, "percent_covered_display": "0", "missing_lines": 17, "excluded_lines": 0, "percent_statements_covered": 0.0, "percent_statements_covered_display": "0"}, "missing_lines": [76, 77, 78, 79, 80, 82, 83, 84, 85, 87, 88, 89, 90, 91, 94, 96, 97], "excluded_lines": [], "start_line": 69}, "KDTree._build_tree": {"executed_lines": [], "summary": {"covered_lines": 0, "num_statements": 7, "percent_covered": 0.0, "percent_covered_display": "0", "missing_lines": 7, "excluded_lines": 0, "percent_statements_covered": 0.0, "percent_statements_covered_display": "0"}, "missing_lines": [102, 103, 105, 106, 107, 109, 110], "excluded_lines": [], "start_line": 99}, "KDTree.__len__": {"executed_lines": [], "summary": {"covered_lines": 0, "num_statements": 1, "percent_covered": 0.0, "percent_covered_display": "0", "missing_lines": 1, "excluded_lines": 0, "percent_statements_covered": 0.0, "percent_statements_covered_display": "0"}, "missing_lines": [119], "excluded_lines": [], "start_line": 118}, "KDTree.query_nearest": {"executed_lines": [], "summary": {"covered_lines": 0, "num_statements": 10, "percent_covered": 0.0, "percent_covered_display": "0", "missing_lines": 10, "excluded_lines": 0, "percent_statements_covered": 0.0, "percent_statements_covered_display": "0"}, "missing_lines": [128, 129, 131, 132, 133, 135, 136, 138, 158, 159], "excluded_lines": [], "start_line": 121}, "KDTree.query_nearest._search": {"executed_lines": [], "summary": {"covered_lines": 0, "num_statements": 12, "percent_covered": 0.0, "percent_covered_display": "0", "missing_lines": 12, "excluded_lines": 0, "percent_statements_covered": 0.0, "percent_statements_covered_display": "0"}, "missing_lines": [140, 141, 143, 144, 145, 146, 148, 149, 150, 152, 155, 156], "excluded_lines": [], "start_line": 138}, "KDTree.query_knn": {"executed_lines": [], "summary": {"covered_lines": 0, "num_statements": 15, "percent_covered": 0.0, "percent_covered_display": "0", "missing_lines": 15, "excluded_lines": 0, "percent_statements_covered": 0.0, "percent_statements_covered_display": "0"}, "missing_lines": [176, 177, 179, 180, 181, 184, 185, 187, 212, 214, 215, 216, 217, 225, 226], "excluded_lines": [], "start_line": 165}, "KDTree.query_knn._search": {"executed_lines": [], "summary": {"covered_lines": 0, "num_statements": 16, "percent_covered": 0.0, "percent_covered_display": "0", "missing_lines": 16, "excluded_lines": 0, "percent_statements_covered": 0.0, "percent_statements_covered_display": "0"}, "missing_lines": [189, 190, 192, 194, 195, 196, 197, 198, 199, 201, 203, 204, 205, 207, 209, 210], "excluded_lines": [], "start_line": 187}, "": {"executed_lines": [], "summary": {"covered_lines": 0, "num_statements": 22, "percent_covered": 0.0, "percent_covered_display": "0", "missing_lines": 22, "excluded_lines": 0, "percent_statements_covered": 0.0, "percent_statements_covered_display": "0"}, "missing_lines": [9, 11, 12, 13, 14, 15, 17, 20, 21, 31, 32, 33, 36, 39, 41, 56, 61, 69, 99, 118, 121, 165], "excluded_lines": [], "start_line": 1}}, "classes": {"KDNeighbor": {"executed_lines": [], "summary": {"covered_lines": 0, "num_statements": 0, "percent_covered": 100.0, "percent_covered_display": "100", "missing_lines": 0, "excluded_lines": 0, "percent_statements_covered": 100.0, "percent_statements_covered_display": "100"}, "missing_lines": [], "excluded_lines": [], "start_line": 21}, "_KDNode": {"executed_lines": [], "summary": {"covered_lines": 0, "num_statements": 5, "percent_covered": 0.0, "percent_covered_display": "0", "missing_lines": 5, "excluded_lines": 0, "percent_statements_covered": 0.0, "percent_statements_covered_display": "0"}, "missing_lines": [49, 50, 51, 52, 53], "excluded_lines": [], "start_line": 36}, "KDTree": {"executed_lines": [], "summary": {"covered_lines": 0, "num_statements": 78, "percent_covered": 0.0, "percent_covered_display": "0", "missing_lines": 78, "excluded_lines": 0, "percent_statements_covered": 0.0, "percent_statements_covered_display": "0"}, "missing_lines": [76, 77, 78, 79, 80, 82, 83, 84, 85, 87, 88, 89, 90, 91, 94, 96, 97, 102, 103, 105, 106, 107, 109, 110, 119, 128, 129, 131, 132, 133, 135, 136, 138, 140, 141, 143, 144, 145, 146, 148, 149, 150, 152, 155, 156, 158, 159, 176, 177, 179, 180, 181, 184, 185, 187, 189, 190, 192, 194, 195, 196, 197, 198, 199, 201, 203, 204, 205, 207, 209, 210, 212, 214, 215, 216, 217, 225, 226], "excluded_lines": [], "start_line": 61}, "": {"executed_lines": [], "summary": {"covered_lines": 0, "num_statements": 23, "percent_covered": 0.0, "percent_covered_display": "0", "missing_lines": 23, "excluded_lines": 0, "percent_statements_covered": 0.0, "percent_statements_covered_display": "0"}, "missing_lines": [9, 11, 12, 13, 14, 15, 17, 20, 21, 31, 32, 33, 36, 39, 41, 56, 58, 61, 69, 99, 118, 121, 165], "excluded_lines": [], "start_line": 1}}}, "anse/algorithms/symplectic.py": {"executed_lines": [], "summary": {"covered_lines": 0, "num_statements": 199, "percent_covered": 0.0, "percent_covered_display": "0", "missing_lines": 199, "excluded_lines": 0, "percent_statements_covered": 0.0, "percent_statements_covered_display": "0"}, "missing_lines": [18, 20, 21, 22, 23, 24, 25, 26, 27, 33, 36, 38, 39, 41, 48, 50, 51, 52, 53, 54, 55, 58, 70, 73, 81, 84, 97, 99, 100, 101, 102, 104, 111, 112, 113, 115, 122, 123, 126, 127, 128, 129, 130, 131, 132, 133, 134, 141, 143, 144, 145, 146, 147, 148, 149, 150, 151, 152, 153, 154, 155, 156, 157, 158, 160, 161, 164, 166, 167, 168, 169, 170, 171, 172, 173, 174, 175, 176, 177, 178, 179, 180, 182, 183, 186, 194, 195, 196, 198, 199, 201, 202, 203, 205, 207, 209, 212, 215, 218, 220, 221, 222, 224, 225, 226, 227, 228, 230, 231, 233, 240, 250, 251, 253, 254, 255, 256, 257, 259, 260, 263, 264, 265, 266, 267, 268, 269, 270, 272, 275, 287, 288, 291, 294, 295, 296, 298, 299, 304, 305, 307, 308, 311, 324, 325, 326, 328, 330, 332, 333, 334, 335, 336, 338, 339, 341, 353, 354, 357, 361, 365, 366, 367, 369, 370, 374, 376, 377, 379, 380, 381, 383, 385, 402, 414, 415, 417, 418, 419, 420, 422, 423, 424, 426, 428, 429, 433, 434, 436, 437, 439, 440, 441, 442, 443, 445, 446, 448, 450], "excluded_lines": [], "functions": {"_find_and_load_rust_lib": {"executed_lines": [], "summary": {"covered_lines": 0, "num_statements": 21, "percent_covered": 0.0, "percent_covered_display": "0", "missing_lines": 21, "excluded_lines": 0, "percent_statements_covered": 0.0, "percent_statements_covered_display": "0"}, "missing_lines": [38, 39, 41, 48, 50, 51, 52, 53, 54, 55, 58, 70, 73, 81, 84, 97, 99, 100, 101, 102, 104], "excluded_lines": [], "start_line": 36}, "_grad_v": {"executed_lines": [], "summary": {"covered_lines": 0, "num_statements": 18, "percent_covered": 0.0, "percent_covered_display": "0", "missing_lines": 18, "excluded_lines": 0, "percent_statements_covered": 0.0, "percent_statements_covered_display": "0"}, "missing_lines": [143, 144, 145, 146, 147, 148, 149, 150, 151, 152, 153, 154, 155, 156, 157, 158, 160, 161], "excluded_lines": [], "start_line": 141}, "_hamiltonian": {"executed_lines": [], "summary": {"covered_lines": 0, "num_statements": 17, "percent_covered": 0.0, "percent_covered_display": "0", "missing_lines": 17, "excluded_lines": 0, "percent_statements_covered": 0.0, "percent_statements_covered_display": "0"}, "missing_lines": [166, 167, 168, 169, 170, 171, 172, 173, 174, 175, 176, 177, 178, 179, 180, 182, 183], "excluded_lines": [], "start_line": 164}, "_python_velocity_verlet": {"executed_lines": [], "summary": {"covered_lines": 0, "num_statements": 25, "percent_covered": 0.0, "percent_covered_display": "0", "missing_lines": 25, "excluded_lines": 0, "percent_statements_covered": 0.0, "percent_statements_covered_display": "0"}, "missing_lines": [194, 195, 196, 198, 199, 201, 202, 203, 205, 207, 209, 212, 215, 218, 220, 221, 222, 224, 225, 226, 227, 228, 230, 231, 233], "excluded_lines": [], "start_line": 186}, "compute_poincare_section": {"executed_lines": [], "summary": {"covered_lines": 0, "num_statements": 18, "percent_covered": 0.0, "percent_covered_display": "0", "missing_lines": 18, "excluded_lines": 0, "percent_statements_covered": 0.0, "percent_statements_covered_display": "0"}, "missing_lines": [250, 251, 253, 254, 255, 256, 257, 259, 260, 263, 264, 265, 266, 267, 268, 269, 270, 272], "excluded_lines": [], "start_line": 240}, "estimate_lyapunov_exponent": {"executed_lines": [], "summary": {"covered_lines": 0, "num_statements": 12, "percent_covered": 0.0, "percent_covered_display": "0", "missing_lines": 12, "excluded_lines": 0, "percent_statements_covered": 0.0, "percent_statements_covered_display": "0"}, "missing_lines": [287, 288, 291, 294, 295, 296, 298, 299, 304, 305, 307, 308], "excluded_lines": [], "start_line": 275}, "solve_symplectic_orbit": {"executed_lines": [], "summary": {"covered_lines": 0, "num_statements": 30, "percent_covered": 0.0, "percent_covered_display": "0", "missing_lines": 30, "excluded_lines": 0, "percent_statements_covered": 0.0, "percent_statements_covered_display": "0"}, "missing_lines": [324, 325, 326, 328, 330, 332, 333, 334, 335, 336, 338, 339, 341, 353, 354, 357, 361, 365, 366, 367, 369, 370, 374, 376, 377, 379, 380, 381, 383, 385], "excluded_lines": [], "start_line": 311}, "explicit_euler_integrate": {"executed_lines": [], "summary": {"covered_lines": 0, "num_statements": 25, "percent_covered": 0.0, "percent_covered_display": "0", "missing_lines": 25, "excluded_lines": 0, "percent_statements_covered": 0.0, "percent_statements_covered_display": "0"}, "missing_lines": [414, 415, 417, 418, 419, 420, 422, 423, 424, 426, 428, 429, 433, 434, 436, 437, 439, 440, 441, 442, 443, 445, 446, 448, 450], "excluded_lines": [], "start_line": 402}, "": {"executed_lines": [], "summary": {"covered_lines": 0, "num_statements": 33, "percent_covered": 0.0, "percent_covered_display": "0", "missing_lines": 33, "excluded_lines": 0, "percent_statements_covered": 0.0, "percent_statements_covered_display": "0"}, "missing_lines": [18, 20, 21, 22, 23, 24, 25, 26, 27, 33, 36, 111, 112, 113, 115, 122, 123, 126, 127, 128, 129, 130, 131, 132, 133, 134, 141, 164, 186, 240, 275, 311, 402], "excluded_lines": [], "start_line": 1}}, "classes": {"SymplecticResult": {"executed_lines": [], "summary": {"covered_lines": 0, "num_statements": 0, "percent_covered": 100.0, "percent_covered_display": "100", "missing_lines": 0, "excluded_lines": 0, "percent_statements_covered": 100.0, "percent_statements_covered_display": "100"}, "missing_lines": [], "excluded_lines": [], "start_line": 123}, "": {"executed_lines": [], "summary": {"covered_lines": 0, "num_statements": 199, "percent_covered": 0.0, "percent_covered_display": "0", "missing_lines": 199, "excluded_lines": 0, "percent_statements_covered": 0.0, "percent_statements_covered_display": "0"}, "missing_lines": [18, 20, 21, 22, 23, 24, 25, 26, 27, 33, 36, 38, 39, 41, 48, 50, 51, 52, 53, 54, 55, 58, 70, 73, 81, 84, 97, 99, 100, 101, 102, 104, 111, 112, 113, 115, 122, 123, 126, 127, 128, 129, 130, 131, 132, 133, 134, 141, 143, 144, 145, 146, 147, 148, 149, 150, 151, 152, 153, 154, 155, 156, 157, 158, 160, 161, 164, 166, 167, 168, 169, 170, 171, 172, 173, 174, 175, 176, 177, 178, 179, 180, 182, 183, 186, 194, 195, 196, 198, 199, 201, 202, 203, 205, 207, 209, 212, 215, 218, 220, 221, 222, 224, 225, 226, 227, 228, 230, 231, 233, 240, 250, 251, 253, 254, 255, 256, 257, 259, 260, 263, 264, 265, 266, 267, 268, 269, 270, 272, 275, 287, 288, 291, 294, 295, 296, 298, 299, 304, 305, 307, 308, 311, 324, 325, 326, 328, 330, 332, 333, 334, 335, 336, 338, 339, 341, 353, 354, 357, 361, 365, 366, 367, 369, 370, 374, 376, 377, 379, 380, 381, 383, 385, 402, 414, 415, 417, 418, 419, 420, 422, 423, 424, 426, 428, 429, 433, 434, 436, 437, 439, 440, 441, 442, 443, 445, 446, 448, 450], "excluded_lines": [], "start_line": 1}}}, "anse/algorithms/tarjan_scc.py": {"executed_lines": [], "summary": {"covered_lines": 0, "num_statements": 82, "percent_covered": 0.0, "percent_covered_display": "0", "missing_lines": 82, "excluded_lines": 0, "percent_statements_covered": 0.0, "percent_statements_covered_display": "0"}, "missing_lines": [9, 11, 12, 13, 14, 16, 19, 20, 33, 34, 35, 36, 37, 38, 41, 53, 54, 55, 57, 58, 59, 60, 62, 63, 66, 68, 69, 70, 71, 72, 74, 75, 76, 77, 78, 79, 81, 82, 83, 84, 85, 86, 87, 88, 89, 91, 92, 93, 96, 98, 99, 100, 101, 104, 105, 106, 107, 108, 109, 110, 111, 113, 116, 117, 119, 120, 121, 122, 123, 124, 125, 127, 132, 133, 135, 136, 137, 138, 139, 140, 141, 143], "excluded_lines": [], "functions": {"find_strongly_connected_components": {"executed_lines": [], "summary": {"covered_lines": 0, "num_statements": 47, "percent_covered": 0.0, "percent_covered_display": "0", "missing_lines": 47, "excluded_lines": 0, "percent_statements_covered": 0.0, "percent_statements_covered_display": "0"}, "missing_lines": [53, 54, 55, 57, 58, 59, 60, 62, 63, 66, 91, 92, 93, 96, 98, 99, 100, 101, 104, 105, 106, 107, 108, 109, 110, 111, 113, 116, 117, 119, 120, 121, 122, 123, 124, 125, 127, 132, 133, 135, 136, 137, 138, 139, 140, 141, 143], "excluded_lines": [], "start_line": 41}, "find_strongly_connected_components._strongconnect": {"executed_lines": [], "summary": {"covered_lines": 0, "num_statements": 20, "percent_covered": 0.0, "percent_covered_display": "0", "missing_lines": 20, "excluded_lines": 0, "percent_statements_covered": 0.0, "percent_statements_covered_display": "0"}, "missing_lines": [68, 69, 70, 71, 72, 74, 75, 76, 77, 78, 79, 81, 82, 83, 84, 85, 86, 87, 88, 89], "excluded_lines": [], "start_line": 66}, "": {"executed_lines": [], "summary": {"covered_lines": 0, "num_statements": 15, "percent_covered": 0.0, "percent_covered_display": "0", "missing_lines": 15, "excluded_lines": 0, "percent_statements_covered": 0.0, "percent_statements_covered_display": "0"}, "missing_lines": [9, 11, 12, 13, 14, 16, 19, 20, 33, 34, 35, 36, 37, 38, 41], "excluded_lines": [], "start_line": 1}}, "classes": {"SCCResult": {"executed_lines": [], "summary": {"covered_lines": 0, "num_statements": 0, "percent_covered": 100.0, "percent_covered_display": "100", "missing_lines": 0, "excluded_lines": 0, "percent_statements_covered": 100.0, "percent_statements_covered_display": "100"}, "missing_lines": [], "excluded_lines": [], "start_line": 20}, "": {"executed_lines": [], "summary": {"covered_lines": 0, "num_statements": 82, "percent_covered": 0.0, "percent_covered_display": "0", "missing_lines": 82, "excluded_lines": 0, "percent_statements_covered": 0.0, "percent_statements_covered_display": "0"}, "missing_lines": [9, 11, 12, 13, 14, 16, 19, 20, 33, 34, 35, 36, 37, 38, 41, 53, 54, 55, 57, 58, 59, 60, 62, 63, 66, 68, 69, 70, 71, 72, 74, 75, 76, 77, 78, 79, 81, 82, 83, 84, 85, 86, 87, 88, 89, 91, 92, 93, 96, 98, 99, 100, 101, 104, 105, 106, 107, 108, 109, 110, 111, 113, 116, 117, 119, 120, 121, 122, 123, 124, 125, 127, 132, 133, 135, 136, 137, 138, 139, 140, 141, 143], "excluded_lines": [], "start_line": 1}}}, "anse/algorithms/vicreg.py": {"executed_lines": [], "summary": {"covered_lines": 0, "num_statements": 48, "percent_covered": 0.0, "percent_covered_display": "0", "missing_lines": 48, "excluded_lines": 0, "percent_statements_covered": 0.0, "percent_statements_covered_display": "0"}, "missing_lines": [9, 11, 12, 15, 16, 30, 31, 32, 33, 34, 35, 36, 39, 41, 43, 44, 46, 47, 49, 50, 53, 55, 57, 59, 61, 62, 65, 92, 93, 95, 96, 100, 101, 103, 104, 105, 107, 108, 111, 112, 115, 116, 119, 120, 123, 124, 127, 133], "excluded_lines": [], "functions": {"_compute_variance_loss": {"executed_lines": [], "summary": {"covered_lines": 0, "num_statements": 7, "percent_covered": 0.0, "percent_covered_display": "0", "missing_lines": 7, "excluded_lines": 0, "percent_statements_covered": 0.0, "percent_statements_covered_display": "0"}, "missing_lines": [41, 43, 44, 46, 47, 49, 50], "excluded_lines": [], "start_line": 39}, "_compute_covariance_loss": {"executed_lines": [], "summary": {"covered_lines": 0, "num_statements": 5, "percent_covered": 0.0, "percent_covered_display": "0", "missing_lines": 5, "excluded_lines": 0, "percent_statements_covered": 0.0, "percent_statements_covered_display": "0"}, "missing_lines": [55, 57, 59, 61, 62], "excluded_lines": [], "start_line": 53}, "compute_vicreg_loss": {"executed_lines": [], "summary": {"covered_lines": 0, "num_statements": 21, "percent_covered": 0.0, "percent_covered_display": "0", "missing_lines": 21, "excluded_lines": 0, "percent_statements_covered": 0.0, "percent_statements_covered_display": "0"}, "missing_lines": [92, 93, 95, 96, 100, 101, 103, 104, 105, 107, 108, 111, 112, 115, 116, 119, 120, 123, 124, 127, 133], "excluded_lines": [], "start_line": 65}, "": {"executed_lines": [], "summary": {"covered_lines": 0, "num_statements": 15, "percent_covered": 0.0, "percent_covered_display": "0", "missing_lines": 15, "excluded_lines": 0, "percent_statements_covered": 0.0, "percent_statements_covered_display": "0"}, "missing_lines": [9, 11, 12, 15, 16, 30, 31, 32, 33, 34, 35, 36, 39, 53, 65], "excluded_lines": [], "start_line": 1}}, "classes": {"VICRegLossResult": {"executed_lines": [], "summary": {"covered_lines": 0, "num_statements": 0, "percent_covered": 100.0, "percent_covered_display": "100", "missing_lines": 0, "excluded_lines": 0, "percent_statements_covered": 100.0, "percent_statements_covered_display": "100"}, "missing_lines": [], "excluded_lines": [], "start_line": 16}, "": {"executed_lines": [], "summary": {"covered_lines": 0, "num_statements": 48, "percent_covered": 0.0, "percent_covered_display": "0", "missing_lines": 48, "excluded_lines": 0, "percent_statements_covered": 0.0, "percent_statements_covered_display": "0"}, "missing_lines": [9, 11, 12, 15, 16, 30, 31, 32, 33, 34, 35, 36, 39, 41, 43, 44, 46, 47, 49, 50, 53, 55, 57, 59, 61, 62, 65, 92, 93, 95, 96, 100, 101, 103, 104, 105, 107, 108, 111, 112, 115, 116, 119, 120, 123, 124, 127, 133], "excluded_lines": [], "start_line": 1}}}, "anse/autopoiesis/__init__.py": {"executed_lines": [], "summary": {"covered_lines": 0, "num_statements": 3, "percent_covered": 0.0, "percent_covered_display": "0", "missing_lines": 3, "excluded_lines": 0, "percent_statements_covered": 0.0, "percent_statements_covered_display": "0"}, "missing_lines": [3, 4, 6], "excluded_lines": [], "functions": {"": {"executed_lines": [], "summary": {"covered_lines": 0, "num_statements": 3, "percent_covered": 0.0, "percent_covered_display": "0", "missing_lines": 3, "excluded_lines": 0, "percent_statements_covered": 0.0, "percent_statements_covered_display": "0"}, "missing_lines": [3, 4, 6], "excluded_lines": [], "start_line": 1}}, "classes": {"": {"executed_lines": [], "summary": {"covered_lines": 0, "num_statements": 3, "percent_covered": 0.0, "percent_covered_display": "0", "missing_lines": 3, "excluded_lines": 0, "percent_statements_covered": 0.0, "percent_statements_covered_display": "0"}, "missing_lines": [3, 4, 6], "excluded_lines": [], "start_line": 1}}}, "anse/autopoiesis/evolved_core.py": {"executed_lines": [], "summary": {"covered_lines": 0, "num_statements": 14, "percent_covered": 0.0, "percent_covered_display": "0", "missing_lines": 14, "excluded_lines": 0, "percent_statements_covered": 0.0, "percent_statements_covered_display": "0"}, "missing_lines": [5, 7, 8, 9, 10, 11, 12, 13, 14, 18, 20, 21, 24, 25], "excluded_lines": [], "functions": {"deduplicate_traces": {"executed_lines": [], "summary": {"covered_lines": 0, "num_statements": 8, "percent_covered": 0.0, "percent_covered_display": "0", "missing_lines": 8, "excluded_lines": 0, "percent_statements_covered": 0.0, "percent_statements_covered_display": "0"}, "missing_lines": [7, 8, 9, 10, 11, 12, 13, 14], "excluded_lines": [], "start_line": 5}, "": {"executed_lines": [], "summary": {"covered_lines": 0, "num_statements": 6, "percent_covered": 0.0, "percent_covered_display": "0", "missing_lines": 6, "excluded_lines": 0, "percent_statements_covered": 0.0, "percent_statements_covered_display": "0"}, "missing_lines": [5, 18, 20, 21, 24, 25], "excluded_lines": [], "start_line": 1}}, "classes": {"": {"executed_lines": [], "summary": {"covered_lines": 0, "num_statements": 14, "percent_covered": 0.0, "percent_covered_display": "0", "missing_lines": 14, "excluded_lines": 0, "percent_statements_covered": 0.0, "percent_statements_covered_display": "0"}, "missing_lines": [5, 7, 8, 9, 10, 11, 12, 13, 14, 18, 20, 21, 24, 25], "excluded_lines": [], "start_line": 1}}}, "anse/autopoiesis/hypervisor.py": {"executed_lines": [], "summary": {"covered_lines": 0, "num_statements": 297, "percent_covered": 0.0, "percent_covered_display": "0", "missing_lines": 297, "excluded_lines": 0, "percent_statements_covered": 0.0, "percent_statements_covered_display": "0"}, "missing_lines": [53, 55, 56, 57, 58, 59, 60, 61, 62, 64, 66, 67, 68, 69, 70, 71, 79, 80, 81, 82, 83, 86, 93, 99, 100, 101, 102, 104, 105, 107, 108, 110, 111, 114, 115, 116, 117, 118, 119, 120, 121, 122, 123, 124, 125, 126, 127, 130, 131, 132, 135, 137, 138, 139, 140, 141, 142, 143, 144, 147, 170, 171, 172, 173, 174, 175, 177, 178, 179, 180, 181, 182, 183, 184, 186, 187, 188, 189, 194, 198, 206, 207, 208, 209, 210, 211, 212, 213, 214, 217, 218, 219, 220, 221, 222, 223, 224, 227, 228, 229, 230, 231, 232, 233, 235, 236, 237, 240, 241, 242, 243, 244, 245, 246, 247, 248, 249, 250, 251, 252, 254, 255, 257, 258, 259, 260, 262, 264, 274, 275, 282, 288, 291, 300, 301, 302, 303, 304, 305, 307, 309, 312, 313, 315, 317, 320, 326, 327, 328, 329, 330, 332, 334, 337, 339, 340, 341, 342, 344, 348, 349, 352, 353, 354, 357, 358, 359, 360, 361, 362, 370, 371, 372, 375, 384, 393, 394, 395, 396, 397, 398, 399, 400, 401, 406, 407, 408, 409, 412, 413, 414, 417, 422, 427, 433, 434, 435, 436, 437, 438, 439, 440, 441, 442, 443, 444, 445, 446, 447, 456, 463, 464, 465, 466, 471, 472, 475, 476, 477, 479, 480, 483, 484, 485, 486, 487, 488, 489, 490, 491, 492, 495, 499, 500, 502, 503, 504, 505, 506, 507, 509, 510, 511, 512, 514, 517, 519, 520, 532, 533, 534, 535, 536, 537, 538, 551, 552, 553, 554, 555, 556, 558, 560, 561, 562, 563, 564, 565, 566, 569, 576, 577, 578, 579, 580, 581, 583, 584, 585, 587, 588, 589, 591, 592, 593, 595, 597, 598, 599, 600, 601, 602, 604, 606, 607, 608, 609], "excluded_lines": [], "functions": {"legacy_single_sample_rule": {"executed_lines": [], "summary": {"covered_lines": 0, "num_statements": 1, "percent_covered": 0.0, "percent_covered_display": "0", "missing_lines": 1, "excluded_lines": 0, "percent_statements_covered": 0.0, "percent_statements_covered_display": "0"}, "missing_lines": [93], "excluded_lines": [], "start_line": 86}, "_mad": {"executed_lines": [], "summary": {"covered_lines": 0, "num_statements": 2, "percent_covered": 0.0, "percent_covered_display": "0", "missing_lines": 2, "excluded_lines": 0, "percent_statements_covered": 0.0, "percent_statements_covered_display": "0"}, "missing_lines": [131, 132], "excluded_lines": [], "start_line": 130}, "required_pair_wins": {"executed_lines": [], "summary": {"covered_lines": 0, "num_statements": 8, "percent_covered": 0.0, "percent_covered_display": "0", "missing_lines": 8, "excluded_lines": 0, "percent_statements_covered": 0.0, "percent_statements_covered_display": "0"}, "missing_lines": [137, 138, 139, 140, 141, 142, 143, 144], "excluded_lines": [], "start_line": 135}, "judge_domination": {"executed_lines": [], "summary": {"covered_lines": 0, "num_statements": 20, "percent_covered": 0.0, "percent_covered_display": "0", "missing_lines": 20, "excluded_lines": 0, "percent_statements_covered": 0.0, "percent_statements_covered_display": "0"}, "missing_lines": [170, 171, 172, 173, 174, 175, 177, 178, 179, 180, 181, 182, 183, 184, 186, 187, 188, 189, 194, 198], "excluded_lines": [], "start_line": 147}, "DifferentialResult.agrees": {"executed_lines": [], "summary": {"covered_lines": 0, "num_statements": 1, "percent_covered": 0.0, "percent_covered_display": "0", "missing_lines": 1, "excluded_lines": 0, "percent_statements_covered": 0.0, "percent_statements_covered_display": "0"}, "missing_lines": [237], "excluded_lines": [], "start_line": 236}, "EvolutionDecision.speedup": {"executed_lines": [], "summary": {"covered_lines": 0, "num_statements": 4, "percent_covered": 0.0, "percent_covered_display": "0", "missing_lines": 4, "excluded_lines": 0, "percent_statements_covered": 0.0, "percent_statements_covered_display": "0"}, "missing_lines": [257, 258, 259, 260], "excluded_lines": [], "start_line": 255}, "EvolutionDecision.to_record": {"executed_lines": [], "summary": {"covered_lines": 0, "num_statements": 4, "percent_covered": 0.0, "percent_covered_display": "0", "missing_lines": 4, "excluded_lines": 0, "percent_statements_covered": 0.0, "percent_statements_covered_display": "0"}, "missing_lines": [264, 274, 275, 282], "excluded_lines": [], "start_line": 262}, "AutopoiesisHypervisor.__init__": {"executed_lines": [], "summary": {"covered_lines": 0, "num_statements": 6, "percent_covered": 0.0, "percent_covered_display": "0", "missing_lines": 6, "excluded_lines": 0, "percent_statements_covered": 0.0, "percent_statements_covered_display": "0"}, "missing_lines": [300, 301, 302, 303, 304, 305], "excluded_lines": [], "start_line": 291}, "AutopoiesisHypervisor.register_proxy": {"executed_lines": [], "summary": {"covered_lines": 0, "num_statements": 3, "percent_covered": 0.0, "percent_covered_display": "0", "missing_lines": 3, "excluded_lines": 0, "percent_statements_covered": 0.0, "percent_statements_covered_display": "0"}, "missing_lines": [309, 312, 313], "excluded_lines": [], "start_line": 307}, "AutopoiesisHypervisor.get_proxy": {"executed_lines": [], "summary": {"covered_lines": 0, "num_statements": 1, "percent_covered": 0.0, "percent_covered_display": "0", "missing_lines": 1, "excluded_lines": 0, "percent_statements_covered": 0.0, "percent_statements_covered_display": "0"}, "missing_lines": [317], "excluded_lines": [], "start_line": 315}, "AutopoiesisHypervisor._run_driver": {"executed_lines": [], "summary": {"covered_lines": 0, "num_statements": 5, "percent_covered": 0.0, "percent_covered_display": "0", "missing_lines": 5, "excluded_lines": 0, "percent_statements_covered": 0.0, "percent_statements_covered_display": "0"}, "missing_lines": [326, 327, 328, 329, 330], "excluded_lines": [], "start_line": 320}, "AutopoiesisHypervisor.blocked_imports": {"executed_lines": [], "summary": {"covered_lines": 0, "num_statements": 1, "percent_covered": 0.0, "percent_covered_display": "0", "missing_lines": 1, "excluded_lines": 0, "percent_statements_covered": 0.0, "percent_statements_covered_display": "0"}, "missing_lines": [334], "excluded_lines": [], "start_line": 332}, "AutopoiesisHypervisor.run_hidden_tests": {"executed_lines": [], "summary": {"covered_lines": 0, "num_statements": 4, "percent_covered": 0.0, "percent_covered_display": "0", "missing_lines": 4, "excluded_lines": 0, "percent_statements_covered": 0.0, "percent_statements_covered_display": "0"}, "missing_lines": [339, 340, 341, 342], "excluded_lines": [], "start_line": 337}, "AutopoiesisHypervisor.check_equivalence": {"executed_lines": [], "summary": {"covered_lines": 0, "num_statements": 15, "percent_covered": 0.0, "percent_covered_display": "0", "missing_lines": 15, "excluded_lines": 0, "percent_statements_covered": 0.0, "percent_statements_covered_display": "0"}, "missing_lines": [348, 349, 352, 353, 354, 357, 358, 359, 360, 361, 362, 370, 371, 372, 375], "excluded_lines": [], "start_line": 344}, "AutopoiesisHypervisor.differential_test": {"executed_lines": [], "summary": {"covered_lines": 0, "num_statements": 18, "percent_covered": 0.0, "percent_covered_display": "0", "missing_lines": 18, "excluded_lines": 0, "percent_statements_covered": 0.0, "percent_statements_covered_display": "0"}, "missing_lines": [393, 394, 395, 396, 397, 398, 399, 400, 401, 406, 407, 408, 409, 412, 413, 414, 417, 422], "excluded_lines": [], "start_line": 384}, "AutopoiesisHypervisor.measure_once": {"executed_lines": [], "summary": {"covered_lines": 0, "num_statements": 15, "percent_covered": 0.0, "percent_covered_display": "0", "missing_lines": 15, "excluded_lines": 0, "percent_statements_covered": 0.0, "percent_statements_covered_display": "0"}, "missing_lines": [433, 434, 435, 436, 437, 438, 439, 440, 441, 442, 443, 444, 445, 446, 447], "excluded_lines": [], "start_line": 427}, "AutopoiesisHypervisor.measure_interleaved": {"executed_lines": [], "summary": {"covered_lines": 0, "num_statements": 9, "percent_covered": 0.0, "percent_covered_display": "0", "missing_lines": 9, "excluded_lines": 0, "percent_statements_covered": 0.0, "percent_statements_covered_display": "0"}, "missing_lines": [463, 464, 465, 466, 471, 472, 475, 476, 477], "excluded_lines": [], "start_line": 456}, "AutopoiesisHypervisor._benchmark_failure": {"executed_lines": [], "summary": {"covered_lines": 0, "num_statements": 10, "percent_covered": 0.0, "percent_covered_display": "0", "missing_lines": 10, "excluded_lines": 0, "percent_statements_covered": 0.0, "percent_statements_covered_display": "0"}, "missing_lines": [483, 484, 485, 486, 487, 488, 489, 490, 491, 492], "excluded_lines": [], "start_line": 480}, "AutopoiesisHypervisor.evolve": {"executed_lines": [], "summary": {"covered_lines": 0, "num_statements": 23, "percent_covered": 0.0, "percent_covered_display": "0", "missing_lines": 23, "excluded_lines": 0, "percent_statements_covered": 0.0, "percent_statements_covered_display": "0"}, "missing_lines": [499, 500, 502, 503, 504, 505, 506, 507, 509, 510, 511, 512, 514, 517, 519, 520, 532, 533, 534, 535, 536, 537, 538], "excluded_lines": [], "start_line": 495}, "AutopoiesisHypervisor.rollback": {"executed_lines": [], "summary": {"covered_lines": 0, "num_statements": 5, "percent_covered": 0.0, "percent_covered_display": "0", "missing_lines": 5, "excluded_lines": 0, "percent_statements_covered": 0.0, "percent_statements_covered_display": "0"}, "missing_lines": [552, 553, 554, 555, 556], "excluded_lines": [], "start_line": 551}, "AutopoiesisHypervisor._try_swap_proxy": {"executed_lines": [], "summary": {"covered_lines": 0, "num_statements": 7, "percent_covered": 0.0, "percent_covered_display": "0", "missing_lines": 7, "excluded_lines": 0, "percent_statements_covered": 0.0, "percent_statements_covered_display": "0"}, "missing_lines": [560, 561, 562, 563, 564, 565, 566], "excluded_lines": [], "start_line": 558}, "RCUComponentProxy.__init__": {"executed_lines": [], "summary": {"covered_lines": 0, "num_statements": 5, "percent_covered": 0.0, "percent_covered_display": "0", "missing_lines": 5, "excluded_lines": 0, "percent_statements_covered": 0.0, "percent_statements_covered_display": "0"}, "missing_lines": [577, 578, 579, 580, 581], "excluded_lines": [], "start_line": 576}, "RCUComponentProxy.version": {"executed_lines": [], "summary": {"covered_lines": 0, "num_statements": 1, "percent_covered": 0.0, "percent_covered_display": "0", "missing_lines": 1, "excluded_lines": 0, "percent_statements_covered": 0.0, "percent_statements_covered_display": "0"}, "missing_lines": [585], "excluded_lines": [], "start_line": 584}, "RCUComponentProxy.call_count": {"executed_lines": [], "summary": {"covered_lines": 0, "num_statements": 1, "percent_covered": 0.0, "percent_covered_display": "0", "missing_lines": 1, "excluded_lines": 0, "percent_statements_covered": 0.0, "percent_statements_covered_display": "0"}, "missing_lines": [589], "excluded_lines": [], "start_line": 588}, "RCUComponentProxy.active_callable": {"executed_lines": [], "summary": {"covered_lines": 0, "num_statements": 1, "percent_covered": 0.0, "percent_covered_display": "0", "missing_lines": 1, "excluded_lines": 0, "percent_statements_covered": 0.0, "percent_statements_covered_display": "0"}, "missing_lines": [593], "excluded_lines": [], "start_line": 592}, "RCUComponentProxy.swap": {"executed_lines": [], "summary": {"covered_lines": 0, "num_statements": 6, "percent_covered": 0.0, "percent_covered_display": "0", "missing_lines": 6, "excluded_lines": 0, "percent_statements_covered": 0.0, "percent_statements_covered_display": "0"}, "missing_lines": [597, 598, 599, 600, 601, 602], "excluded_lines": [], "start_line": 595}, "RCUComponentProxy.__call__": {"executed_lines": [], "summary": {"covered_lines": 0, "num_statements": 4, "percent_covered": 0.0, "percent_covered_display": "0", "missing_lines": 4, "excluded_lines": 0, "percent_statements_covered": 0.0, "percent_statements_covered_display": "0"}, "missing_lines": [606, 607, 608, 609], "excluded_lines": [], "start_line": 604}, "": {"executed_lines": [], "summary": {"covered_lines": 0, "num_statements": 117, "percent_covered": 0.0, "percent_covered_display": "0", "missing_lines": 117, "excluded_lines": 0, "percent_statements_covered": 0.0, "percent_statements_covered_display": "0"}, "missing_lines": [53, 55, 56, 57, 58, 59, 60, 61, 62, 64, 66, 67, 68, 69, 70, 71, 79, 80, 81, 82, 83, 86, 99, 100, 101, 102, 104, 105, 107, 108, 110, 111, 114, 115, 116, 117, 118, 119, 120, 121, 122, 123, 124, 125, 126, 127, 130, 135, 147, 206, 207, 208, 209, 210, 211, 212, 213, 214, 217, 218, 219, 220, 221, 222, 223, 224, 227, 228, 229, 230, 231, 232, 233, 235, 236, 240, 241, 242, 243, 244, 245, 246, 247, 248, 249, 250, 251, 252, 254, 255, 262, 288, 291, 307, 315, 320, 332, 337, 344, 384, 427, 456, 479, 480, 495, 551, 558, 569, 576, 583, 584, 587, 588, 591, 592, 595, 604], "excluded_lines": [], "start_line": 1}}, "classes": {"BaselineMetrics": {"executed_lines": [], "summary": {"covered_lines": 0, "num_statements": 0, "percent_covered": 100.0, "percent_covered_display": "100", "missing_lines": 0, "excluded_lines": 0, "percent_statements_covered": 100.0, "percent_statements_covered_display": "100"}, "missing_lines": [], "excluded_lines": [], "start_line": 80}, "DominationRule": {"executed_lines": [], "summary": {"covered_lines": 0, "num_statements": 0, "percent_covered": 100.0, "percent_covered_display": "100", "missing_lines": 0, "excluded_lines": 0, "percent_statements_covered": 100.0, "percent_statements_covered_display": "100"}, "missing_lines": [], "excluded_lines": [], "start_line": 100}, "DominationVerdict": {"executed_lines": [], "summary": {"covered_lines": 0, "num_statements": 0, "percent_covered": 100.0, "percent_covered_display": "100", "missing_lines": 0, "excluded_lines": 0, "percent_statements_covered": 100.0, "percent_statements_covered_display": "100"}, "missing_lines": [], "excluded_lines": [], "start_line": 115}, "BenchmarkSample": {"executed_lines": [], "summary": {"covered_lines": 0, "num_statements": 0, "percent_covered": 100.0, "percent_covered_display": "100", "missing_lines": 0, "excluded_lines": 0, "percent_statements_covered": 100.0, "percent_statements_covered_display": "100"}, "missing_lines": [], "excluded_lines": [], "start_line": 207}, "EquivalenceResult": {"executed_lines": [], "summary": {"covered_lines": 0, "num_statements": 0, "percent_covered": 100.0, "percent_covered_display": "100", "missing_lines": 0, "excluded_lines": 0, "percent_statements_covered": 100.0, "percent_statements_covered_display": "100"}, "missing_lines": [], "excluded_lines": [], "start_line": 218}, "DifferentialResult": {"executed_lines": [], "summary": {"covered_lines": 0, "num_statements": 1, "percent_covered": 0.0, "percent_covered_display": "0", "missing_lines": 1, "excluded_lines": 0, "percent_statements_covered": 0.0, "percent_statements_covered_display": "0"}, "missing_lines": [237], "excluded_lines": [], "start_line": 228}, "EvolutionDecision": {"executed_lines": [], "summary": {"covered_lines": 0, "num_statements": 8, "percent_covered": 0.0, "percent_covered_display": "0", "missing_lines": 8, "excluded_lines": 0, "percent_statements_covered": 0.0, "percent_statements_covered_display": "0"}, "missing_lines": [257, 258, 259, 260, 264, 274, 275, 282], "excluded_lines": [], "start_line": 241}, "AutopoiesisHypervisor": {"executed_lines": [], "summary": {"covered_lines": 0, "num_statements": 122, "percent_covered": 0.0, "percent_covered_display": "0", "missing_lines": 122, "excluded_lines": 0, "percent_statements_covered": 0.0, "percent_statements_covered_display": "0"}, "missing_lines": [300, 301, 302, 303, 304, 305, 309, 312, 313, 317, 326, 327, 328, 329, 330, 334, 339, 340, 341, 342, 348, 349, 352, 353, 354, 357, 358, 359, 360, 361, 362, 370, 371, 372, 375, 393, 394, 395, 396, 397, 398, 399, 400, 401, 406, 407, 408, 409, 412, 413, 414, 417, 422, 433, 434, 435, 436, 437, 438, 439, 440, 441, 442, 443, 444, 445, 446, 447, 463, 464, 465, 466, 471, 472, 475, 476, 477, 483, 484, 485, 486, 487, 488, 489, 490, 491, 492, 499, 500, 502, 503, 504, 505, 506, 507, 509, 510, 511, 512, 514, 517, 519, 520, 532, 533, 534, 535, 536, 537, 538, 552, 553, 554, 555, 556, 560, 561, 562, 563, 564, 565, 566], "excluded_lines": [], "start_line": 288}, "RCUComponentProxy": {"executed_lines": [], "summary": {"covered_lines": 0, "num_statements": 18, "percent_covered": 0.0, "percent_covered_display": "0", "missing_lines": 18, "excluded_lines": 0, "percent_statements_covered": 0.0, "percent_statements_covered_display": "0"}, "missing_lines": [577, 578, 579, 580, 581, 585, 589, 593, 597, 598, 599, 600, 601, 602, 606, 607, 608, 609], "excluded_lines": [], "start_line": 569}, "": {"executed_lines": [], "summary": {"covered_lines": 0, "num_statements": 148, "percent_covered": 0.0, "percent_covered_display": "0", "missing_lines": 148, "excluded_lines": 0, "percent_statements_covered": 0.0, "percent_statements_covered_display": "0"}, "missing_lines": [53, 55, 56, 57, 58, 59, 60, 61, 62, 64, 66, 67, 68, 69, 70, 71, 79, 80, 81, 82, 83, 86, 93, 99, 100, 101, 102, 104, 105, 107, 108, 110, 111, 114, 115, 116, 117, 118, 119, 120, 121, 122, 123, 124, 125, 126, 127, 130, 131, 132, 135, 137, 138, 139, 140, 141, 142, 143, 144, 147, 170, 171, 172, 173, 174, 175, 177, 178, 179, 180, 181, 182, 183, 184, 186, 187, 188, 189, 194, 198, 206, 207, 208, 209, 210, 211, 212, 213, 214, 217, 218, 219, 220, 221, 222, 223, 224, 227, 228, 229, 230, 231, 232, 233, 235, 236, 240, 241, 242, 243, 244, 245, 246, 247, 248, 249, 250, 251, 252, 254, 255, 262, 288, 291, 307, 315, 320, 332, 337, 344, 384, 427, 456, 479, 480, 495, 551, 558, 569, 576, 583, 584, 587, 588, 591, 592, 595, 604], "excluded_lines": [], "start_line": 1}}}, "anse/autopoiesis/neuro_surgeon.py": {"executed_lines": [], "summary": {"covered_lines": 0, "num_statements": 182, "percent_covered": 0.0, "percent_covered_display": "0", "missing_lines": 182, "excluded_lines": 0, "percent_statements_covered": 0.0, "percent_statements_covered_display": "0"}, "missing_lines": [14, 16, 17, 18, 19, 20, 21, 22, 23, 24, 25, 27, 28, 30, 32, 40, 41, 42, 43, 44, 45, 46, 47, 48, 49, 50, 53, 60, 61, 62, 64, 67, 68, 69, 70, 71, 72, 82, 83, 95, 128, 130, 131, 132, 134, 135, 136, 143, 144, 146, 147, 148, 159, 160, 161, 162, 164, 166, 167, 168, 169, 171, 172, 173, 174, 176, 189, 190, 196, 213, 214, 215, 216, 217, 218, 219, 220, 221, 222, 225, 231, 232, 234, 239, 242, 260, 261, 265, 279, 303, 304, 317, 325, 328, 329, 330, 331, 332, 333, 334, 335, 336, 338, 340, 341, 342, 343, 345, 346, 347, 348, 351, 354, 355, 356, 357, 358, 359, 360, 361, 363, 364, 365, 366, 367, 370, 371, 372, 375, 376, 377, 378, 379, 380, 381, 382, 383, 384, 385, 386, 387, 388, 391, 397, 398, 400, 404, 405, 406, 409, 410, 412, 413, 414, 416, 417, 418, 419, 420, 421, 422, 423, 424, 427, 428, 430, 432, 434, 435, 437, 440, 443, 444, 447, 448, 449, 450, 452, 453, 454, 456, 458], "excluded_lines": [], "functions": {"MicroMLRealityEngine.__init__": {"executed_lines": [], "summary": {"covered_lines": 0, "num_statements": 2, "percent_covered": 0.0, "percent_covered_display": "0", "missing_lines": 2, "excluded_lines": 0, "percent_statements_covered": 0.0, "percent_statements_covered_display": "0"}, "missing_lines": [61, 62], "excluded_lines": [], "start_line": 60}, "MicroMLRealityEngine.evaluate_code": {"executed_lines": [], "summary": {"covered_lines": 0, "num_statements": 25, "percent_covered": 0.0, "percent_covered_display": "0", "missing_lines": 25, "excluded_lines": 0, "percent_statements_covered": 0.0, "percent_statements_covered_display": "0"}, "missing_lines": [67, 68, 69, 70, 71, 72, 82, 83, 95, 128, 130, 131, 132, 134, 135, 136, 143, 144, 146, 147, 148, 159, 160, 161, 162], "excluded_lines": [], "start_line": 64}, "MicroMLRealityEngine._parse_output": {"executed_lines": [], "summary": {"covered_lines": 0, "num_statements": 12, "percent_covered": 0.0, "percent_covered_display": "0", "missing_lines": 12, "excluded_lines": 0, "percent_statements_covered": 0.0, "percent_statements_covered_display": "0"}, "missing_lines": [166, 167, 168, 169, 171, 172, 173, 174, 176, 189, 190, 196], "excluded_lines": [], "start_line": 164}, "ActiveInferenceLoop.__init__": {"executed_lines": [], "summary": {"covered_lines": 0, "num_statements": 1, "percent_covered": 0.0, "percent_covered_display": "0", "missing_lines": 1, "excluded_lines": 0, "percent_statements_covered": 0.0, "percent_statements_covered_display": "0"}, "missing_lines": [232], "excluded_lines": [], "start_line": 231}, "ActiveInferenceLoop.run_simulation": {"executed_lines": [], "summary": {"covered_lines": 0, "num_statements": 9, "percent_covered": 0.0, "percent_covered_display": "0", "missing_lines": 9, "excluded_lines": 0, "percent_statements_covered": 0.0, "percent_statements_covered_display": "0"}, "missing_lines": [239, 242, 260, 261, 265, 279, 303, 304, 317], "excluded_lines": [], "start_line": 234}, "BaselineAttentionEngine.__init__": {"executed_lines": [], "summary": {"covered_lines": 0, "num_statements": 8, "percent_covered": 0.0, "percent_covered_display": "0", "missing_lines": 8, "excluded_lines": 0, "percent_statements_covered": 0.0, "percent_statements_covered_display": "0"}, "missing_lines": [329, 330, 331, 332, 333, 334, 335, 336], "excluded_lines": [], "start_line": 328}, "BaselineAttentionEngine.forward": {"executed_lines": [], "summary": {"covered_lines": 0, "num_statements": 8, "percent_covered": 0.0, "percent_covered_display": "0", "missing_lines": 8, "excluded_lines": 0, "percent_statements_covered": 0.0, "percent_statements_covered_display": "0"}, "missing_lines": [340, 341, 342, 343, 345, 346, 347, 348], "excluded_lines": [], "start_line": 338}, "FlashAttentionEngine.__init__": {"executed_lines": [], "summary": {"covered_lines": 0, "num_statements": 7, "percent_covered": 0.0, "percent_covered_display": "0", "missing_lines": 7, "excluded_lines": 0, "percent_statements_covered": 0.0, "percent_statements_covered_display": "0"}, "missing_lines": [355, 356, 357, 358, 359, 360, 361], "excluded_lines": [], "start_line": 354}, "FlashAttentionEngine.forward": {"executed_lines": [], "summary": {"covered_lines": 0, "num_statements": 7, "percent_covered": 0.0, "percent_covered_display": "0", "missing_lines": 7, "excluded_lines": 0, "percent_statements_covered": 0.0, "percent_statements_covered_display": "0"}, "missing_lines": [364, 365, 366, 367, 370, 371, 372], "excluded_lines": [], "start_line": 363}, "AutopoieticNeuroSurgeon.__init__": {"executed_lines": [], "summary": {"covered_lines": 0, "num_statements": 1, "percent_covered": 0.0, "percent_covered_display": "0", "missing_lines": 1, "excluded_lines": 0, "percent_statements_covered": 0.0, "percent_statements_covered_display": "0"}, "missing_lines": [398], "excluded_lines": [], "start_line": 397}, "AutopoieticNeuroSurgeon.benchmark_module": {"executed_lines": [], "summary": {"covered_lines": 0, "num_statements": 23, "percent_covered": 0.0, "percent_covered_display": "0", "missing_lines": 23, "excluded_lines": 0, "percent_statements_covered": 0.0, "percent_statements_covered_display": "0"}, "missing_lines": [404, 405, 406, 409, 410, 412, 413, 414, 416, 417, 418, 419, 420, 421, 422, 423, 424, 427, 428, 430, 432, 434, 435], "excluded_lines": [], "start_line": 400}, "AutopoieticNeuroSurgeon.execute_neuro_surgery": {"executed_lines": [], "summary": {"covered_lines": 0, "num_statements": 12, "percent_covered": 0.0, "percent_covered_display": "0", "missing_lines": 12, "excluded_lines": 0, "percent_statements_covered": 0.0, "percent_statements_covered_display": "0"}, "missing_lines": [440, 443, 444, 447, 448, 449, 450, 452, 453, 454, 456, 458], "excluded_lines": [], "start_line": 437}, "": {"executed_lines": [], "summary": {"covered_lines": 0, "num_statements": 67, "percent_covered": 0.0, "percent_covered_display": "0", "missing_lines": 67, "excluded_lines": 0, "percent_statements_covered": 0.0, "percent_statements_covered_display": "0"}, "missing_lines": [14, 16, 17, 18, 19, 20, 21, 22, 23, 24, 25, 27, 28, 30, 32, 40, 41, 42, 43, 44, 45, 46, 47, 48, 49, 50, 53, 60, 64, 164, 213, 214, 215, 216, 217, 218, 219, 220, 221, 222, 225, 231, 234, 325, 328, 338, 351, 354, 363, 375, 376, 377, 378, 379, 380, 381, 382, 383, 384, 385, 386, 387, 388, 391, 397, 400, 437], "excluded_lines": [], "start_line": 1}}, "classes": {"MicroMLResult": {"executed_lines": [], "summary": {"covered_lines": 0, "num_statements": 0, "percent_covered": 100.0, "percent_covered_display": "100", "missing_lines": 0, "excluded_lines": 0, "percent_statements_covered": 100.0, "percent_statements_covered_display": "100"}, "missing_lines": [], "excluded_lines": [], "start_line": 41}, "MicroMLRealityEngine": {"executed_lines": [], "summary": {"covered_lines": 0, "num_statements": 39, "percent_covered": 0.0, "percent_covered_display": "0", "missing_lines": 39, "excluded_lines": 0, "percent_statements_covered": 0.0, "percent_statements_covered_display": "0"}, "missing_lines": [61, 62, 67, 68, 69, 70, 71, 72, 82, 83, 95, 128, 130, 131, 132, 134, 135, 136, 143, 144, 146, 147, 148, 159, 160, 161, 162, 166, 167, 168, 169, 171, 172, 173, 174, 176, 189, 190, 196], "excluded_lines": [], "start_line": 53}, "ActiveInferenceStep": {"executed_lines": [], "summary": {"covered_lines": 0, "num_statements": 0, "percent_covered": 100.0, "percent_covered_display": "100", "missing_lines": 0, "excluded_lines": 0, "percent_statements_covered": 100.0, "percent_statements_covered_display": "100"}, "missing_lines": [], "excluded_lines": [], "start_line": 214}, "ActiveInferenceLoop": {"executed_lines": [], "summary": {"covered_lines": 0, "num_statements": 10, "percent_covered": 0.0, "percent_covered_display": "0", "missing_lines": 10, "excluded_lines": 0, "percent_statements_covered": 0.0, "percent_statements_covered_display": "0"}, "missing_lines": [232, 239, 242, 260, 261, 265, 279, 303, 304, 317], "excluded_lines": [], "start_line": 225}, "BaselineAttentionEngine": {"executed_lines": [], "summary": {"covered_lines": 0, "num_statements": 16, "percent_covered": 0.0, "percent_covered_display": "0", "missing_lines": 16, "excluded_lines": 0, "percent_statements_covered": 0.0, "percent_statements_covered_display": "0"}, "missing_lines": [329, 330, 331, 332, 333, 334, 335, 336, 340, 341, 342, 343, 345, 346, 347, 348], "excluded_lines": [], "start_line": 325}, "FlashAttentionEngine": {"executed_lines": [], "summary": {"covered_lines": 0, "num_statements": 14, "percent_covered": 0.0, "percent_covered_display": "0", "missing_lines": 14, "excluded_lines": 0, "percent_statements_covered": 0.0, "percent_statements_covered_display": "0"}, "missing_lines": [355, 356, 357, 358, 359, 360, 361, 364, 365, 366, 367, 370, 371, 372], "excluded_lines": [], "start_line": 351}, "NeuroSurgeonReport": {"executed_lines": [], "summary": {"covered_lines": 0, "num_statements": 0, "percent_covered": 100.0, "percent_covered_display": "100", "missing_lines": 0, "excluded_lines": 0, "percent_statements_covered": 100.0, "percent_statements_covered_display": "100"}, "missing_lines": [], "excluded_lines": [], "start_line": 376}, "AutopoieticNeuroSurgeon": {"executed_lines": [], "summary": {"covered_lines": 0, "num_statements": 36, "percent_covered": 0.0, "percent_covered_display": "0", "missing_lines": 36, "excluded_lines": 0, "percent_statements_covered": 0.0, "percent_statements_covered_display": "0"}, "missing_lines": [398, 404, 405, 406, 409, 410, 412, 413, 414, 416, 417, 418, 419, 420, 421, 422, 423, 424, 427, 428, 430, 432, 434, 435, 440, 443, 444, 447, 448, 449, 450, 452, 453, 454, 456, 458], "excluded_lines": [], "start_line": 391}, "": {"executed_lines": [], "summary": {"covered_lines": 0, "num_statements": 67, "percent_covered": 0.0, "percent_covered_display": "0", "missing_lines": 67, "excluded_lines": 0, "percent_statements_covered": 0.0, "percent_statements_covered_display": "0"}, "missing_lines": [14, 16, 17, 18, 19, 20, 21, 22, 23, 24, 25, 27, 28, 30, 32, 40, 41, 42, 43, 44, 45, 46, 47, 48, 49, 50, 53, 60, 64, 164, 213, 214, 215, 216, 217, 218, 219, 220, 221, 222, 225, 231, 234, 325, 328, 338, 351, 354, 363, 375, 376, 377, 378, 379, 380, 381, 382, 383, 384, 385, 386, 387, 388, 391, 397, 400, 437], "excluded_lines": [], "start_line": 1}}}, "anse/autopoiesis/registry.py": {"executed_lines": [], "summary": {"covered_lines": 0, "num_statements": 197, "percent_covered": 0.0, "percent_covered_display": "0", "missing_lines": 197, "excluded_lines": 0, "percent_statements_covered": 0.0, "percent_statements_covered_display": "0"}, "missing_lines": [15, 17, 18, 19, 20, 21, 22, 23, 24, 25, 26, 27, 28, 29, 31, 32, 33, 34, 36, 37, 38, 39, 42, 46, 50, 51, 52, 53, 56, 57, 60, 63, 64, 65, 68, 69, 70, 71, 73, 74, 76, 77, 79, 80, 82, 83, 84, 85, 86, 88, 89, 92, 93, 94, 95, 96, 97, 98, 99, 100, 102, 103, 105, 106, 107, 109, 110, 111, 112, 113, 115, 117, 118, 119, 120, 121, 122, 123, 124, 125, 126, 127, 129, 130, 131, 133, 134, 135, 136, 137, 138, 141, 143, 144, 145, 146, 147, 148, 149, 150, 151, 152, 153, 154, 156, 158, 159, 160, 161, 162, 163, 164, 166, 167, 168, 169, 170, 171, 172, 173, 174, 175, 176, 179, 183, 189, 190, 191, 192, 193, 194, 197, 198, 199, 200, 201, 209, 211, 212, 214, 215, 216, 217, 218, 220, 221, 223, 229, 230, 231, 234, 235, 236, 237, 238, 241, 243, 244, 245, 246, 247, 248, 257, 258, 259, 261, 267, 268, 269, 270, 271, 272, 286, 287, 289, 293, 294, 295, 296, 309, 311, 312, 313, 314, 315, 316, 320, 321, 322, 323, 326, 327, 328, 329, 332, 343, 344], "excluded_lines": [], "functions": {"code_sha256": {"executed_lines": [], "summary": {"covered_lines": 0, "num_statements": 1, "percent_covered": 0.0, "percent_covered_display": "0", "missing_lines": 1, "excluded_lines": 0, "percent_statements_covered": 0.0, "percent_statements_covered_display": "0"}, "missing_lines": [57], "excluded_lines": [], "start_line": 56}, "ComponentRegistry.__init__": {"executed_lines": [], "summary": {"covered_lines": 0, "num_statements": 2, "percent_covered": 0.0, "percent_covered_display": "0", "missing_lines": 2, "excluded_lines": 0, "percent_statements_covered": 0.0, "percent_statements_covered_display": "0"}, "missing_lines": [64, 65], "excluded_lines": [], "start_line": 63}, "ComponentRegistry._dir": {"executed_lines": [], "summary": {"covered_lines": 0, "num_statements": 3, "percent_covered": 0.0, "percent_covered_display": "0", "missing_lines": 3, "excluded_lines": 0, "percent_statements_covered": 0.0, "percent_statements_covered_display": "0"}, "missing_lines": [69, 70, 71], "excluded_lines": [], "start_line": 68}, "ComponentRegistry.version_path": {"executed_lines": [], "summary": {"covered_lines": 0, "num_statements": 1, "percent_covered": 0.0, "percent_covered_display": "0", "missing_lines": 1, "excluded_lines": 0, "percent_statements_covered": 0.0, "percent_statements_covered_display": "0"}, "missing_lines": [74], "excluded_lines": [], "start_line": 73}, "ComponentRegistry.lineage_path": {"executed_lines": [], "summary": {"covered_lines": 0, "num_statements": 1, "percent_covered": 0.0, "percent_covered_display": "0", "missing_lines": 1, "excluded_lines": 0, "percent_statements_covered": 0.0, "percent_statements_covered_display": "0"}, "missing_lines": [77], "excluded_lines": [], "start_line": 76}, "ComponentRegistry.pointer_path": {"executed_lines": [], "summary": {"covered_lines": 0, "num_statements": 1, "percent_covered": 0.0, "percent_covered_display": "0", "missing_lines": 1, "excluded_lines": 0, "percent_statements_covered": 0.0, "percent_statements_covered_display": "0"}, "missing_lines": [80], "excluded_lines": [], "start_line": 79}, "ComponentRegistry.versions": {"executed_lines": [], "summary": {"covered_lines": 0, "num_statements": 4, "percent_covered": 0.0, "percent_covered_display": "0", "missing_lines": 4, "excluded_lines": 0, "percent_statements_covered": 0.0, "percent_statements_covered_display": "0"}, "missing_lines": [83, 84, 85, 86], "excluded_lines": [], "start_line": 82}, "ComponentRegistry.components": {"executed_lines": [], "summary": {"covered_lines": 0, "num_statements": 1, "percent_covered": 0.0, "percent_covered_display": "0", "missing_lines": 1, "excluded_lines": 0, "percent_statements_covered": 0.0, "percent_statements_covered_display": "0"}, "missing_lines": [89], "excluded_lines": [], "start_line": 88}, "ComponentRegistry._locked": {"executed_lines": [], "summary": {"covered_lines": 0, "num_statements": 9, "percent_covered": 0.0, "percent_covered_display": "0", "missing_lines": 9, "excluded_lines": 0, "percent_statements_covered": 0.0, "percent_statements_covered_display": "0"}, "missing_lines": [94, 95, 96, 97, 98, 99, 100, 102, 103], "excluded_lines": [], "start_line": 93}, "ComponentRegistry._write_version": {"executed_lines": [], "summary": {"covered_lines": 0, "num_statements": 7, "percent_covered": 0.0, "percent_covered_display": "0", "missing_lines": 7, "excluded_lines": 0, "percent_statements_covered": 0.0, "percent_statements_covered_display": "0"}, "missing_lines": [106, 107, 109, 110, 111, 112, 113], "excluded_lines": [], "start_line": 105}, "ComponentRegistry._write_pointer": {"executed_lines": [], "summary": {"covered_lines": 0, "num_statements": 11, "percent_covered": 0.0, "percent_covered_display": "0", "missing_lines": 11, "excluded_lines": 0, "percent_statements_covered": 0.0, "percent_statements_covered_display": "0"}, "missing_lines": [117, 118, 119, 120, 121, 122, 123, 124, 125, 126, 127], "excluded_lines": [], "start_line": 115}, "ComponentRegistry._append_lineage": {"executed_lines": [], "summary": {"covered_lines": 0, "num_statements": 8, "percent_covered": 0.0, "percent_covered_display": "0", "missing_lines": 8, "excluded_lines": 0, "percent_statements_covered": 0.0, "percent_statements_covered_display": "0"}, "missing_lines": [130, 131, 133, 134, 135, 136, 137, 138], "excluded_lines": [], "start_line": 129}, "ComponentRegistry.lineage": {"executed_lines": [], "summary": {"covered_lines": 0, "num_statements": 12, "percent_covered": 0.0, "percent_covered_display": "0", "missing_lines": 12, "excluded_lines": 0, "percent_statements_covered": 0.0, "percent_statements_covered_display": "0"}, "missing_lines": [143, 144, 145, 146, 147, 148, 149, 150, 151, 152, 153, 154], "excluded_lines": [], "start_line": 141}, "ComponentRegistry._read_pointer": {"executed_lines": [], "summary": {"covered_lines": 0, "num_statements": 7, "percent_covered": 0.0, "percent_covered_display": "0", "missing_lines": 7, "excluded_lines": 0, "percent_statements_covered": 0.0, "percent_statements_covered_display": "0"}, "missing_lines": [158, 159, 160, 161, 162, 163, 164], "excluded_lines": [], "start_line": 156}, "ComponentRegistry._pointer_from_lineage": {"executed_lines": [], "summary": {"covered_lines": 0, "num_statements": 11, "percent_covered": 0.0, "percent_covered_display": "0", "missing_lines": 11, "excluded_lines": 0, "percent_statements_covered": 0.0, "percent_statements_covered_display": "0"}, "missing_lines": [167, 168, 169, 170, 171, 172, 173, 174, 175, 176, 179], "excluded_lines": [], "start_line": 166}, "ComponentRegistry.active": {"executed_lines": [], "summary": {"covered_lines": 0, "num_statements": 12, "percent_covered": 0.0, "percent_covered_display": "0", "missing_lines": 12, "excluded_lines": 0, "percent_statements_covered": 0.0, "percent_statements_covered_display": "0"}, "missing_lines": [189, 190, 191, 192, 193, 194, 197, 198, 199, 200, 201, 209], "excluded_lines": [], "start_line": 183}, "ComponentRegistry.active_version": {"executed_lines": [], "summary": {"covered_lines": 0, "num_statements": 1, "percent_covered": 0.0, "percent_covered_display": "0", "missing_lines": 1, "excluded_lines": 0, "percent_statements_covered": 0.0, "percent_statements_covered_display": "0"}, "missing_lines": [212], "excluded_lines": [], "start_line": 211}, "ComponentRegistry.code": {"executed_lines": [], "summary": {"covered_lines": 0, "num_statements": 4, "percent_covered": 0.0, "percent_covered_display": "0", "missing_lines": 4, "excluded_lines": 0, "percent_statements_covered": 0.0, "percent_statements_covered_display": "0"}, "missing_lines": [215, 216, 217, 218], "excluded_lines": [], "start_line": 214}, "ComponentRegistry.active_code": {"executed_lines": [], "summary": {"covered_lines": 0, "num_statements": 1, "percent_covered": 0.0, "percent_covered_display": "0", "missing_lines": 1, "excluded_lines": 0, "percent_statements_covered": 0.0, "percent_statements_covered_display": "0"}, "missing_lines": [221], "excluded_lines": [], "start_line": 220}, "ComponentRegistry.load_active": {"executed_lines": [], "summary": {"covered_lines": 0, "num_statements": 8, "percent_covered": 0.0, "percent_covered_display": "0", "missing_lines": 8, "excluded_lines": 0, "percent_statements_covered": 0.0, "percent_statements_covered_display": "0"}, "missing_lines": [229, 230, 231, 234, 235, 236, 237, 238], "excluded_lines": [], "start_line": 223}, "ComponentRegistry.register": {"executed_lines": [], "summary": {"covered_lines": 0, "num_statements": 9, "percent_covered": 0.0, "percent_covered_display": "0", "missing_lines": 9, "excluded_lines": 0, "percent_statements_covered": 0.0, "percent_statements_covered_display": "0"}, "missing_lines": [243, 244, 245, 246, 247, 248, 257, 258, 259], "excluded_lines": [], "start_line": 241}, "ComponentRegistry.promote": {"executed_lines": [], "summary": {"covered_lines": 0, "num_statements": 8, "percent_covered": 0.0, "percent_covered_display": "0", "missing_lines": 8, "excluded_lines": 0, "percent_statements_covered": 0.0, "percent_statements_covered_display": "0"}, "missing_lines": [267, 268, 269, 270, 271, 272, 286, 287], "excluded_lines": [], "start_line": 261}, "ComponentRegistry.record_rejection": {"executed_lines": [], "summary": {"covered_lines": 0, "num_statements": 4, "percent_covered": 0.0, "percent_covered_display": "0", "missing_lines": 4, "excluded_lines": 0, "percent_statements_covered": 0.0, "percent_statements_covered_display": "0"}, "missing_lines": [293, 294, 295, 296], "excluded_lines": [], "start_line": 289}, "ComponentRegistry.rollback": {"executed_lines": [], "summary": {"covered_lines": 0, "num_statements": 17, "percent_covered": 0.0, "percent_covered_display": "0", "missing_lines": 17, "excluded_lines": 0, "percent_statements_covered": 0.0, "percent_statements_covered_display": "0"}, "missing_lines": [311, 312, 313, 314, 315, 316, 320, 321, 322, 323, 326, 327, 328, 329, 332, 343, 344], "excluded_lines": [], "start_line": 309}, "": {"executed_lines": [], "summary": {"covered_lines": 0, "num_statements": 54, "percent_covered": 0.0, "percent_covered_display": "0", "missing_lines": 54, "excluded_lines": 0, "percent_statements_covered": 0.0, "percent_statements_covered_display": "0"}, "missing_lines": [15, 17, 18, 19, 20, 21, 22, 23, 24, 25, 26, 27, 28, 29, 31, 32, 33, 34, 36, 37, 38, 39, 42, 46, 50, 51, 52, 53, 56, 60, 63, 68, 73, 76, 79, 82, 88, 92, 93, 105, 115, 129, 141, 156, 166, 183, 211, 214, 220, 223, 241, 261, 289, 309], "excluded_lines": [], "start_line": 1}}, "classes": {"RegistryError": {"executed_lines": [], "summary": {"covered_lines": 0, "num_statements": 0, "percent_covered": 100.0, "percent_covered_display": "100", "missing_lines": 0, "excluded_lines": 0, "percent_statements_covered": 100.0, "percent_statements_covered_display": "100"}, "missing_lines": [], "excluded_lines": [], "start_line": 42}, "RegistryCorruptionError": {"executed_lines": [], "summary": {"covered_lines": 0, "num_statements": 0, "percent_covered": 100.0, "percent_covered_display": "100", "missing_lines": 0, "excluded_lines": 0, "percent_statements_covered": 100.0, "percent_statements_covered_display": "100"}, "missing_lines": [], "excluded_lines": [], "start_line": 46}, "ActivePointer": {"executed_lines": [], "summary": {"covered_lines": 0, "num_statements": 0, "percent_covered": 100.0, "percent_covered_display": "100", "missing_lines": 0, "excluded_lines": 0, "percent_statements_covered": 100.0, "percent_statements_covered_display": "100"}, "missing_lines": [], "excluded_lines": [], "start_line": 51}, "ComponentRegistry": {"executed_lines": [], "summary": {"covered_lines": 0, "num_statements": 142, "percent_covered": 0.0, "percent_covered_display": "0", "missing_lines": 142, "excluded_lines": 0, "percent_statements_covered": 0.0, "percent_statements_covered_display": "0"}, "missing_lines": [64, 65, 69, 70, 71, 74, 77, 80, 83, 84, 85, 86, 89, 94, 95, 96, 97, 98, 99, 100, 102, 103, 106, 107, 109, 110, 111, 112, 113, 117, 118, 119, 120, 121, 122, 123, 124, 125, 126, 127, 130, 131, 133, 134, 135, 136, 137, 138, 143, 144, 145, 146, 147, 148, 149, 150, 151, 152, 153, 154, 158, 159, 160, 161, 162, 163, 164, 167, 168, 169, 170, 171, 172, 173, 174, 175, 176, 179, 189, 190, 191, 192, 193, 194, 197, 198, 199, 200, 201, 209, 212, 215, 216, 217, 218, 221, 229, 230, 231, 234, 235, 236, 237, 238, 243, 244, 245, 246, 247, 248, 257, 258, 259, 267, 268, 269, 270, 271, 272, 286, 287, 293, 294, 295, 296, 311, 312, 313, 314, 315, 316, 320, 321, 322, 323, 326, 327, 328, 329, 332, 343, 344], "excluded_lines": [], "start_line": 60}, "": {"executed_lines": [], "summary": {"covered_lines": 0, "num_statements": 55, "percent_covered": 0.0, "percent_covered_display": "0", "missing_lines": 55, "excluded_lines": 0, "percent_statements_covered": 0.0, "percent_statements_covered_display": "0"}, "missing_lines": [15, 17, 18, 19, 20, 21, 22, 23, 24, 25, 26, 27, 28, 29, 31, 32, 33, 34, 36, 37, 38, 39, 42, 46, 50, 51, 52, 53, 56, 57, 60, 63, 68, 73, 76, 79, 82, 88, 92, 93, 105, 115, 129, 141, 156, 166, 183, 211, 214, 220, 223, 241, 261, 289, 309], "excluded_lines": [], "start_line": 1}}}, "anse/benchmark/__init__.py": {"executed_lines": [10, 12], "summary": {"covered_lines": 2, "num_statements": 2, "percent_covered": 100.0, "percent_covered_display": "100", "missing_lines": 0, "excluded_lines": 0, "percent_statements_covered": 100.0, "percent_statements_covered_display": "100"}, "missing_lines": [], "excluded_lines": [], "functions": {"": {"executed_lines": [10, 12], "summary": {"covered_lines": 2, "num_statements": 2, "percent_covered": 100.0, "percent_covered_display": "100", "missing_lines": 0, "excluded_lines": 0, "percent_statements_covered": 100.0, "percent_statements_covered_display": "100"}, "missing_lines": [], "excluded_lines": [], "start_line": 1}}, "classes": {"": {"executed_lines": [10, 12], "summary": {"covered_lines": 2, "num_statements": 2, "percent_covered": 100.0, "percent_covered_display": "100", "missing_lines": 0, "excluded_lines": 0, "percent_statements_covered": 100.0, "percent_statements_covered_display": "100"}, "missing_lines": [], "excluded_lines": [], "start_line": 1}}}, "anse/benchmark/pure_math_cases.py": {"executed_lines": [9, 11, 12, 13, 15, 16, 19, 21, 22, 23, 26, 28, 29, 30, 31, 32, 33, 36, 37, 38, 39, 40, 41, 42, 43, 44, 45, 46, 49, 51, 53, 55, 59, 60, 61, 62, 63, 65, 73, 75, 80, 83, 84, 85, 88, 89, 90, 91, 93, 94, 97, 103, 106, 107, 109, 110, 112, 119, 121, 122, 127, 128, 129, 130, 131, 139, 140, 141, 144, 145, 147, 156, 161, 166, 167, 168, 169, 170, 171, 173, 174, 176, 183, 189, 190, 191, 192, 193, 196, 197, 198, 200, 201, 208, 215, 216, 217, 218, 222, 223, 224, 226, 233, 237, 239, 240, 241, 243, 244, 250, 253, 254, 255, 257, 258, 259, 261, 268, 273, 274, 277, 280, 281, 282, 284, 285, 286, 287, 289, 296, 302, 309, 310, 311, 312, 314, 317, 318, 325, 330, 331, 332, 333, 334, 336, 344, 349, 350, 353, 354, 355, 356, 358, 365, 370, 371, 372, 376, 377, 378, 379, 380, 382, 383, 384, 386, 394, 398, 399, 402, 404, 405, 408, 409, 410, 412, 420, 425, 427, 428, 429, 431, 432, 433, 434, 435, 436, 438, 439, 440, 442, 449, 455, 458, 459, 460, 462, 463, 465, 472, 475, 476, 477, 479, 480, 482, 489, 496, 497, 498, 500, 501, 503, 510, 513, 515, 517, 519, 520, 521, 522, 524, 532, 537, 538, 540, 541, 542, 544, 551, 575, 577, 580, 581, 582, 583, 584, 585, 586, 588, 601], "summary": {"covered_lines": 241, "num_statements": 247, "percent_covered": 97.57085020242916, "percent_covered_display": "98", "missing_lines": 6, "excluded_lines": 0, "percent_statements_covered": 97.57085020242916, "percent_statements_covered_display": "98"}, "missing_lines": [315, 578, 603, 604, 605, 606], "excluded_lines": [], "functions": {"_gauss_quad": {"executed_lines": [21, 22, 23], "summary": {"covered_lines": 3, "num_statements": 3, "percent_covered": 100.0, "percent_covered_display": "100", "missing_lines": 0, "excluded_lines": 0, "percent_statements_covered": 100.0, "percent_statements_covered_display": "100"}, "missing_lines": [], "excluded_lines": [], "start_line": 19}, "_gauss_quad_inf": {"executed_lines": [28, 29, 30, 31, 32, 33], "summary": {"covered_lines": 6, "num_statements": 6, "percent_covered": 100.0, "percent_covered_display": "100", "missing_lines": 0, "excluded_lines": 0, "percent_statements_covered": 100.0, "percent_statements_covered_display": "100"}, "missing_lines": [], "excluded_lines": [], "start_line": 26}, "eval_math_01_fundamental_group": {"executed_lines": [51, 53, 55, 59, 60, 61, 62, 63, 65], "summary": {"covered_lines": 9, "num_statements": 9, "percent_covered": 100.0, "percent_covered_display": "100", "missing_lines": 0, "excluded_lines": 0, "percent_statements_covered": 100.0, "percent_statements_covered_display": "100"}, "missing_lines": [], "excluded_lines": [], "start_line": 49}, "eval_math_02_riemann_curvature_schwarzschild": {"executed_lines": [75, 80, 83, 84, 85, 88, 89, 90, 91, 93, 94], "summary": {"covered_lines": 11, "num_statements": 11, "percent_covered": 100.0, "percent_covered_display": "100", "missing_lines": 0, "excluded_lines": 0, "percent_statements_covered": 100.0, "percent_statements_covered_display": "100"}, "missing_lines": [], "excluded_lines": [], "start_line": 73}, "eval_math_03_cauchy_residue_integration": {"executed_lines": [103, 106, 107, 109, 110, 112], "summary": {"covered_lines": 6, "num_statements": 6, "percent_covered": 100.0, "percent_covered_display": "100", "missing_lines": 0, "excluded_lines": 0, "percent_statements_covered": 100.0, "percent_statements_covered_display": "100"}, "missing_lines": [], "excluded_lines": [], "start_line": 97}, "eval_math_04_galois_group_quintic": {"executed_lines": [121, 122, 127, 128, 129, 130, 131, 139, 140, 141, 144, 145, 147], "summary": {"covered_lines": 13, "num_statements": 13, "percent_covered": 100.0, "percent_covered_display": "100", "missing_lines": 0, "excluded_lines": 0, "percent_statements_covered": 100.0, "percent_statements_covered_display": "100"}, "missing_lines": [], "excluded_lines": [], "start_line": 119}, "eval_math_05_spectral_theorem_hilbert": {"executed_lines": [161, 166, 167, 168, 169, 170, 171, 173, 174, 176], "summary": {"covered_lines": 10, "num_statements": 10, "percent_covered": 100.0, "percent_covered_display": "100", "missing_lines": 0, "excluded_lines": 0, "percent_statements_covered": 100.0, "percent_statements_covered_display": "100"}, "missing_lines": [], "excluded_lines": [], "start_line": 156}, "eval_math_06_riemann_zeta_functional_equation": {"executed_lines": [189, 190, 191, 192, 193, 196, 197, 198, 200, 201], "summary": {"covered_lines": 10, "num_statements": 10, "percent_cove
[...]
excluded_lines": 0, "percent_statements_covered": 0.0, "percent_statements_covered_display": "0"}, "missing_lines": [10, 12, 13, 14, 15, 16, 17, 18, 19, 20, 22, 23, 26, 27, 28, 29, 30, 31, 32, 33, 36, 147, 185, 254, 259, 262], "excluded_lines": [], "start_line": 1}}, "classes": {"MLExecutionResult": {"executed_lines": [], "summary": {"covered_lines": 0, "num_statements": 0, "percent_covered": 100.0, "percent_covered_display": "100", "missing_lines": 0, "excluded_lines": 0, "percent_statements_covered": 100.0, "percent_statements_covered_display": "100"}, "missing_lines": [], "excluded_lines": [], "start_line": 27}, "MLSandboxExecutor": {"executed_lines": [], "summary": {"covered_lines": 0, "num_statements": 5, "percent_covered": 0.0, "percent_covered_display": "0", "missing_lines": 5, "excluded_lines": 0, "percent_statements_covered": 0.0, "percent_statements_covered_display": "0"}, "missing_lines": [260, 266, 267, 268, 269], "excluded_lines": [], "start_line": 254}, "": {"executed_lines": [], "summary": {"covered_lines": 0, "num_statements": 72, "percent_covered": 0.0, "percent_covered_display": "0", "missing_lines": 72, "excluded_lines": 0, "percent_statements_covered": 0.0, "percent_statements_covered_display": "0"}, "missing_lines": [10, 12, 13, 14, 15, 16, 17, 18, 19, 20, 22, 23, 26, 27, 28, 29, 30, 31, 32, 33, 36, 147, 150, 151, 152, 153, 154, 155, 157, 158, 159, 164, 165, 166, 168, 169, 170, 171, 172, 173, 174, 175, 176, 177, 178, 179, 180, 182, 185, 189, 190, 191, 192, 193, 194, 196, 197, 198, 199, 200, 209, 210, 212, 220, 222, 226, 241, 242, 243, 254, 259, 262], "excluded_lines": [], "start_line": 1}}}, "anse/symbolic/parser.py": {"executed_lines": [], "summary": {"covered_lines": 0, "num_statements": 46, "percent_covered": 0.0, "percent_covered_display": "0", "missing_lines": 46, "excluded_lines": 0, "percent_statements_covered": 0.0, "percent_statements_covered_display": "0"}, "missing_lines": [11, 13, 14, 15, 20, 21, 22, 23, 25, 26, 28, 29, 31, 32, 38, 44, 50, 59, 71, 74, 75, 76, 77, 85, 86, 87, 88, 96, 97, 98, 99, 100, 107, 112, 117, 119, 120, 121, 130, 131, 132, 133, 142, 148, 150, 153], "excluded_lines": [], "functions": {"extract_code": {"executed_lines": [], "summary": {"covered_lines": 0, "num_statements": 15, "percent_covered": 0.0, "percent_covered_display": "0", "missing_lines": 15, "excluded_lines": 0, "percent_statements_covered": 0.0, "percent_statements_covered_display": "0"}, "missing_lines": [71, 74, 75, 76, 77, 85, 86, 87, 88, 96, 97, 98, 99, 100, 107], "excluded_lines": [], "start_line": 59}, "extract_all_code_blocks": {"executed_lines": [], "summary": {"covered_lines": 0, "num_statements": 9, "percent_covered": 0.0, "percent_covered_display": "0", "missing_lines": 9, "excluded_lines": 0, "percent_statements_covered": 0.0, "percent_statements_covered_display": "0"}, "missing_lines": [117, 119, 120, 121, 130, 131, 132, 133, 142], "excluded_lines": [], "start_line": 112}, "_clean": {"executed_lines": [], "summary": {"covered_lines": 0, "num_statements": 1, "percent_covered": 0.0, "percent_covered_display": "0", "missing_lines": 1, "excluded_lines": 0, "percent_statements_covered": 0.0, "percent_statements_covered_display": "0"}, "missing_lines": [150], "excluded_lines": [], "start_line": 148}, "": {"executed_lines": [], "summary": {"covered_lines": 0, "num_statements": 21, "percent_covered": 0.0, "percent_covered_display": "0", "missing_lines": 21, "excluded_lines": 0, "percent_statements_covered": 0.0, "percent_statements_covered_display": "0"}, "missing_lines": [11, 13, 14, 15, 20, 21, 22, 23, 25, 26, 28, 29, 31, 32, 38, 44, 50, 59, 112, 148, 153], "excluded_lines": [], "start_line": 1}}, "classes": {"ParseResult": {"executed_lines": [], "summary": {"covered_lines": 0, "num_statements": 0, "percent_covered": 100.0, "percent_covered_display": "100", "missing_lines": 0, "excluded_lines": 0, "percent_statements_covered": 100.0, "percent_statements_covered_display": "100"}, "missing_lines": [], "excluded_lines": [], "start_line": 21}, "NoCodeFoundError": {"executed_lines": [], "summary": {"covered_lines": 0, "num_statements": 0, "percent_covered": 100.0, "percent_covered_display": "100", "missing_lines": 0, "excluded_lines": 0, "percent_statements_covered": 100.0, "percent_statements_covered_display": "100"}, "missing_lines": [], "excluded_lines": [], "start_line": 153}, "": {"executed_lines": [], "summary": {"covered_lines": 0, "num_statements": 46, "percent_covered": 0.0, "percent_covered_display": "0", "missing_lines": 46, "excluded_lines": 0, "percent_statements_covered": 0.0, "percent_statements_covered_display": "0"}, "missing_lines": [11, 13, 14, 15, 20, 21, 22, 23, 25, 26, 28, 29, 31, 32, 38, 44, 50, 59, 71, 74, 75, 76, 77, 85, 86, 87, 88, 96, 97, 98, 99, 100, 107, 112, 117, 119, 120, 121, 130, 131, 132, 133, 142, 148, 150, 153], "excluded_lines": [], "start_line": 1}}}, "anse/symbolic/performance_evaluator.py": {"executed_lines": [], "summary": {"covered_lines": 0, "num_statements": 103, "percent_covered": 0.0, "percent_covered_display": "0", "missing_lines": 103, "excluded_lines": 0, "percent_statements_covered": 0.0, "percent_statements_covered_display": "0"}, "missing_lines": [17, 19, 20, 21, 23, 24, 29, 30, 31, 32, 33, 34, 35, 36, 37, 38, 41, 42, 45, 46, 48, 49, 51, 52, 54, 55, 57, 58, 60, 61, 63, 64, 66, 67, 69, 70, 72, 73, 75, 76, 82, 88, 89, 91, 94, 95, 103, 104, 112, 113, 122, 123, 131, 132, 133, 134, 135, 143, 145, 148, 149, 150, 151, 152, 153, 154, 155, 156, 160, 169, 170, 171, 177, 178, 179, 183, 194, 216, 217, 220, 221, 222, 225, 226, 228, 232, 233, 234, 235, 236, 238, 239, 240, 241, 245, 246, 247, 248, 251, 254, 258, 272, 279], "excluded_lines": [], "functions": {"PerformanceEnergyEvaluator.__init__": {"executed_lines": [], "summary": {"covered_lines": 0, "num_statements": 1, "percent_covered": 0.0, "percent_covered_display": "0", "missing_lines": 1, "excluded_lines": 0, "percent_statements_covered": 0.0, "percent_statements_covered_display": "0"}, "missing_lines": [89], "excluded_lines": [], "start_line": 88}, "PerformanceEnergyEvaluator._check_correctness_gate": {"executed_lines": [], "summary": {"covered_lines": 0, "num_statements": 14, "percent_covered": 0.0, "percent_covered_display": "0", "missing_lines": 14, "excluded_lines": 0, "percent_statements_covered": 0.0, "percent_statements_covered_display": "0"}, "missing_lines": [94, 95, 103, 104, 112, 113, 122, 123, 131, 132, 133, 134, 135, 143], "excluded_lines": [], "start_line": 91}, "PerformanceEnergyEvaluator._categorize_performance": {"executed_lines": [], "summary": {"covered_lines": 0, "num_statements": 9, "percent_covered": 0.0, "percent_covered_display": "0", "missing_lines": 9, "excluded_lines": 0, "percent_statements_covered": 0.0, "percent_statements_covered_display": "0"}, "missing_lines": [148, 149, 150, 151, 152, 153, 154, 155, 156], "excluded_lines": [], "start_line": 145}, "PerformanceEnergyEvaluator._generate_pain_signal": {"executed_lines": [], "summary": {"covered_lines": 0, "num_statements": 7, "percent_covered": 0.0, "percent_covered_display": "0", "missing_lines": 7, "excluded_lines": 0, "percent_statements_covered": 0.0, "percent_statements_covered_display": "0"}, "missing_lines": [169, 170, 171, 177, 178, 179, 183], "excluded_lines": [], "start_line": 160}, "PerformanceEnergyEvaluator.evaluate": {"executed_lines": [], "summary": {"covered_lines": 0, "num_statements": 24, "percent_covered": 0.0, "percent_covered_display": "0", "missing_lines": 24, "excluded_lines": 0, "percent_statements_covered": 0.0, "percent_statements_covered_display": "0"}, "missing_lines": [216, 217, 220, 221, 222, 225, 226, 228, 232, 233, 234, 235, 236, 238, 239, 240, 241, 245, 246, 247, 248, 251, 254, 258], "excluded_lines": [], "start_line": 194}, "PerformanceEnergyEvaluator._build_failure_result": {"executed_lines": [], "summary": {"covered_lines": 0, "num_statements": 1, "percent_covered": 0.0, "percent_covered_display": "0", "missing_lines": 1, "excluded_lines": 0, "percent_statements_covered": 0.0, "percent_statements_covered_display": "0"}, "missing_lines": [279], "excluded_lines": [], "start_line": 272}, "": {"executed_lines": [], "summary": {"covered_lines": 0, "num_statements": 47, "percent_covered": 0.0, "percent_covered_display": "0", "missing_lines": 47, "excluded_lines": 0, "percent_statements_covered": 0.0, "percent_statements_covered_display": "0"}, "missing_lines": [17, 19, 20, 21, 23, 24, 29, 30, 31, 32, 33, 34, 35, 36, 37, 38, 41, 42, 45, 46, 48, 49, 51, 52, 54, 55, 57, 58, 60, 61, 63, 64, 66, 67, 69, 70, 72, 73, 75, 76, 82, 88, 91, 145, 160, 194, 272], "excluded_lines": [], "start_line": 1}}, "classes": {"PerformanceCategory": {"executed_lines": [], "summary": {"covered_lines": 0, "num_statements": 0, "percent_covered": 100.0, "percent_covered_display": "100", "missing_lines": 0, "excluded_lines": 0, "percent_statements_covered": 100.0, "percent_statements_covered_display": "100"}, "missing_lines": [], "excluded_lines": [], "start_line": 29}, "PerformanceEnergyResult": {"executed_lines": [], "summary": {"covered_lines": 0, "num_statements": 0, "percent_covered": 100.0, "percent_covered_display": "100", "missing_lines": 0, "excluded_lines": 0, "percent_statements_covered": 100.0, "percent_statements_covered_display": "100"}, "missing_lines": [], "excluded_lines": [], "start_line": 42}, "PerformanceEnergyEvaluator": {"executed_lines": [], "summary": {"covered_lines": 0, "num_statements": 56, "percent_covered": 0.0, "percent_covered_display": "0", "missing_lines": 56, "excluded_lines": 0, "percent_statements_covered": 0.0, "percent_statements_covered_display": "0"}, "missing_lines": [89, 94, 95, 103, 104, 112, 113, 122, 123, 131, 132, 133, 134, 135, 143, 148, 149, 150, 151, 152, 153, 154, 155, 156, 169, 170, 171, 177, 178, 179, 183, 216, 217, 220, 221, 222, 225, 226, 228, 232, 233, 234, 235, 236, 238, 239, 240, 241, 245, 246, 247, 248, 251, 254, 258, 279], "excluded_lines": [], "start_line": 82}, "": {"executed_lines": [], "summary": {"covered_lines": 0, "num_statements": 47, "percent_covered": 0.0, "percent_covered_display": "0", "missing_lines": 47, "excluded_lines": 0, "percent_statements_covered": 0.0, "percent_statements_covered_display": "0"}, "missing_lines": [17, 19, 20, 21, 23, 24, 29, 30, 31, 32, 33, 34, 35, 36, 37, 38, 41, 42, 45, 46, 48, 49, 51, 52, 54, 55, 57, 58, 60, 61, 63, 64, 66, 67, 69, 70, 72, 73, 75, 76, 82, 88, 91, 145, 160, 194, 272], "excluded_lines": [], "start_line": 1}}}, "anse/symbolic/sandbox.py": {"executed_lines": [], "summary": {"covered_lines": 0, "num_statements": 133, "percent_covered": 0.0, "percent_covered_display": "0", "missing_lines": 133, "excluded_lines": 0, "percent_statements_covered": 0.0, "percent_statements_covered_display": "0"}, "missing_lines": [12, 14, 15, 16, 17, 18, 19, 20, 21, 22, 23, 25, 30, 31, 32, 33, 34, 35, 36, 37, 38, 39, 40, 41, 42, 48, 51, 52, 53, 55, 56, 57, 58, 59, 60, 62, 63, 64, 65, 66, 67, 70, 76, 77, 78, 79, 80, 81, 82, 87, 147, 149, 150, 151, 153, 154, 155, 156, 157, 159, 162, 169, 170, 171, 172, 173, 174, 175, 177, 178, 179, 180, 181, 190, 191, 193, 202, 203, 204, 205, 206, 207, 209, 210, 211, 212, 213, 214, 216, 225, 226, 227, 241, 250, 251, 253, 254, 255, 258, 259, 261, 262, 273, 274, 275, 278, 279, 281, 282, 283, 285, 286, 287, 300, 301, 302, 311, 312, 313, 314, 328, 340, 345, 347, 367, 369, 371, 372, 374, 375, 376, 377, 380], "excluded_lines": [], "functions": {"_DangerousImportVisitor.__init__": {"executed_lines": [], "summary": {"covered_lines": 0, "num_statements": 2, "percent_covered": 0.0, "percent_covered_display": "0", "missing_lines": 2, "excluded_lines": 0, "percent_statements_covered": 0.0, "percent_statements_covered_display": "0"}, "missing_lines": [52, 53], "excluded_lines": [], "start_line": 51}, "_DangerousImportVisitor.visit_Import": {"executed_lines": [], "summary": {"covered_lines": 0, "num_statements": 5, "percent_covered": 0.0, "percent_covered_display": "0", "missing_lines": 5, "excluded_lines": 0, "percent_statements_covered": 0.0, "percent_statements_covered_display": "0"}, "missing_lines": [56, 57, 58, 59, 60], "excluded_lines": [], "start_line": 55}, "_DangerousImportVisitor.visit_ImportFrom": {"executed_lines": [], "summary": {"covered_lines": 0, "num_statements": 5, "percent_covered": 0.0, "percent_covered_display": "0", "missing_lines": 5, "excluded_lines": 0, "percent_statements_covered": 0.0, "percent_statements_covered_display": "0"}, "missing_lines": [63, 64, 65, 66, 67], "excluded_lines": [], "start_line": 62}, "scan_dangerous_imports": {"executed_lines": [], "summary": {"covered_lines": 0, "num_statements": 7, "percent_covered": 0.0, "percent_covered_display": "0", "missing_lines": 7, "excluded_lines": 0, "percent_statements_covered": 0.0, "percent_statements_covered_display": "0"}, "missing_lines": [76, 77, 78, 79, 80, 81, 82], "excluded_lines": [], "start_line": 70}, "_make_rlimit_setter": {"executed_lines": [], "summary": {"covered_lines": 0, "num_statements": 5, "percent_covered": 0.0, "percent_covered_display": "0", "missing_lines": 5, "excluded_lines": 0, "percent_statements_covered": 0.0, "percent_statements_covered_display": "0"}, "missing_lines": [149, 150, 151, 153, 159], "excluded_lines": [], "start_line": 147}, "_make_rlimit_setter._apply": {"executed_lines": [], "summary": {"covered_lines": 0, "num_statements": 4, "percent_covered": 0.0, "percent_covered_display": "0", "missing_lines": 4, "excluded_lines": 0, "percent_statements_covered": 0.0, "percent_statements_covered_display": "0"}, "missing_lines": [154, 155, 156, 157], "excluded_lines": [], "start_line": 153}, "_tier1_execute": {"executed_lines": [], "summary": {"covered_lines": 0, "num_statements": 31, "percent_covered": 0.0, "percent_covered_display": "0", "missing_lines": 31, "excluded_lines": 0, "percent_statements_covered": 0.0, "percent_statements_covered_display": "0"}, "missing_lines": [169, 170, 171, 172, 173, 174, 175, 177, 178, 179, 180, 181, 190, 191, 193, 202, 203, 204, 205, 206, 207, 209, 210, 211, 212, 213, 214, 216, 225, 226, 227], "excluded_lines": [], "start_line": 162}, "_tier2_execute": {"executed_lines": [], "summary": {"covered_lines": 0, "num_statements": 27, "percent_covered": 0.0, "percent_covered_display": "0", "missing_lines": 27, "excluded_lines": 0, "percent_statements_covered": 0.0, "percent_statements_covered_display": "0"}, "missing_lines": [250, 251, 253, 254, 255, 258, 259, 261, 262, 273, 274, 275, 278, 279, 281, 282, 283, 285, 286, 287, 300, 301, 302, 311, 312, 313, 314], "excluded_lines": [], "start_line": 241}, "SandboxExecutor.__init__": {"executed_lines": [], "summary": {"covered_lines": 0, "num_statements": 1, "percent_covered": 0.0, "percent_covered_display": "0", "missing_lines": 1, "excluded_lines": 0, "percent_statements_covered": 0.0, "percent_statements_covered_display": "0"}, "missing_lines": [345], "excluded_lines": [], "start_line": 340}, "SandboxExecutor.execute": {"executed_lines": [], "summary": {"covered_lines": 0, "num_statements": 9, "percent_covered": 0.0, "percent_covered_display": "0", "missing_lines": 9, "excluded_lines": 0, "percent_statements_covered": 0.0, "percent_statements_covered_display": "0"}, "missing_lines": [367, 369, 371, 372, 374, 375, 376, 377, 380], "excluded_lines": [], "start_line": 347}, "": {"executed_lines": [], "summary": {"covered_lines": 0, "num_statements": 37, "percent_covered": 0.0, "percent_covered_display": "0", "missing_lines": 37, "excluded_lines": 0, "percent_statements_covered": 0.0, "percent_statements_covered_display": "0"}, "missing_lines": [12, 14, 15, 16, 17, 18, 19, 20, 21, 22, 23, 25, 30, 31, 32, 33, 34, 35, 36, 37, 38, 39, 40, 41, 42, 48, 51, 55, 62, 70, 87, 147, 162, 241, 328, 340, 347], "excluded_lines": [], "start_line": 1}}, "classes": {"ExecutionResult": {"executed_lines": [], "summary": {"covered_lines": 0, "num_statements": 0, "percent_covered": 100.0, "percent_covered_display": "100", "missing_lines": 0, "excluded_lines": 0, "percent_statements_covered": 100.0, "percent_statements_covered_display": "100"}, "missing_lines": [], "excluded_lines": [], "start_line": 31}, "_DangerousImportVisitor": {"executed_lines": [], "summary": {"covered_lines": 0, "num_statements": 12, "percent_covered": 0.0, "percent_covered_display": "0", "missing_lines": 12, "excluded_lines": 0, "percent_statements_covered": 0.0, "percent_statements_covered_display": "0"}, "missing_lines": [52, 53, 56, 57, 58, 59, 60, 63, 64, 65, 66, 67], "excluded_lines": [], "start_line": 48}, "SandboxExecutor": {"executed_lines": [], "summary": {"covered_lines": 0, "num_statements": 10, "percent_covered": 0.0, "percent_covered_display": "0", "missing_lines": 10, "excluded_lines": 0, "percent_statements_covered": 0.0, "percent_statements_covered_display": "0"}, "missing_lines": [345, 367, 369, 371, 372, 374, 375, 376, 377, 380], "excluded_lines": [], "start_line": 328}, "": {"executed_lines": [], "summary": {"covered_lines": 0, "num_statements": 111, "percent_covered": 0.0, "percent_covered_display": "0", "missing_lines": 111, "excluded_lines": 0, "percent_statements_covered": 0.0, "percent_statements_covered_display": "0"}, "missing_lines": [12, 14, 15, 16, 17, 18, 19, 20, 21, 22, 23, 25, 30, 31, 32, 33, 34, 35, 36, 37, 38, 39, 40, 41, 42, 48, 51, 55, 62, 70, 76, 77, 78, 79, 80, 81, 82, 87, 147, 149, 150, 151, 153, 154, 155, 156, 157, 159, 162, 169, 170, 171, 172, 173, 174, 175, 177, 178, 179, 180, 181, 190, 191, 193, 202, 203, 204, 205, 206, 207, 209, 210, 211, 212, 213, 214, 216, 225, 226, 227, 241, 250, 251, 253, 254, 255, 258, 259, 261, 262, 273, 274, 275, 278, 279, 281, 282, 283, 285, 286, 287, 300, 301, 302, 311, 312, 313, 314, 328, 340, 347], "excluded_lines": [], "start_line": 1}}}, "anse/symbolic/trusted_driver.py": {"executed_lines": [], "summary": {"covered_lines": 0, "num_statements": 23, "percent_covered": 0.0, "percent_covered_display": "0", "missing_lines": 23, "excluded_lines": 0, "percent_statements_covered": 0.0, "percent_statements_covered_display": "0"}, "missing_lines": [1, 3, 5, 7, 8, 9, 10, 11, 16, 67, 274, 288, 293, 294, 295, 308, 311, 316, 317, 318, 319, 320, 321], "excluded_lines": [], "functions": {"build_driver": {"executed_lines": [], "summary": {"covered_lines": 0, "num_statements": 5, "percent_covered": 0.0, "percent_covered_display": "0", "missing_lines": 5, "excluded_lines": 0, "percent_statements_covered": 0.0, "percent_statements_covered_display": "0"}, "missing_lines": [288, 293, 294, 295, 308], "excluded_lines": [], "start_line": 274}, "trusted_payload": {"executed_lines": [], "summary": {"covered_lines": 0, "num_statements": 6, "percent_covered": 0.0, "percent_covered_display": "0", "missing_lines": 6, "excluded_lines": 0, "percent_statements_covered": 0.0, "percent_statements_covered_display": "0"}, "missing_lines": [316, 317, 318, 319, 320, 321], "excluded_lines": [], "start_line": 311}, "": {"executed_lines": [], "summary": {"covered_lines": 0, "num_statements": 12, "percent_covered": 0.0, "percent_covered_display": "0", "missing_lines": 12, "excluded_lines": 0, "percent_statements_covered": 0.0, "percent_statements_covered_display": "0"}, "missing_lines": [1, 3, 5, 7, 8, 9, 10, 11, 16, 67, 274, 311], "excluded_lines": [], "start_line": 1}}, "classes": {"": {"executed_lines": [], "summary": {"covered_lines": 0, "num_statements": 23, "percent_covered": 0.0, "percent_covered_display": "0", "missing_lines": 23, "excluded_lines": 0, "percent_statements_covered": 0.0, "percent_statements_covered_display": "0"}, "missing_lines": [1, 3, 5, 7, 8, 9, 10, 11, 16, 67, 274, 288, 293, 294, 295, 308, 311, 316, 317, 318, 319, 320, 321], "excluded_lines": [], "start_line": 1}}}}, "totals": {"covered_lines": 564, "num_statements": 5668, "percent_covered": 9.950599858856739, "percent_covered_display": "10", "missing_lines": 5104, "excluded_lines": 0, "percent_statements_covered": 9.950599858856739, "percent_statements_covered_display": "10"}}