{"meta": {"format": 3, "version": "7.16.1", "timestamp": "2026-09-20T17:06:44.491358", "branch_coverage": false, "show_contexts": false}, "files": {"anse\\symbolic\\__init__.py": {"executed_lines": [3, 4, 5, 10, 12], "summary": {"covered_lines": 5, "num_statements": 5, "percent_covered": 100.0, "percent_covered_display": "100", "missing_lines": 0, "excluded_lines": 0, "percent_statements_covered": 100.0, "percent_statements_covered_display": "100"}, "missing_lines": [], "excluded_lines": [], "functions": {"": {"executed_lines": [3, 4, 5, 10, 12], "summary": {"covered_lines": 5, "num_statements": 5, "percent_covered": 100.0, "percent_covered_display": "100", "missing_lines": 0, "excluded_lines": 0, "percent_statements_covered": 100.0, "percent_statements_covered_display": "100"}, "missing_lines": [], "excluded_lines": [], "start_line": 1}}, "classes": {"": {"executed_lines": [3, 4, 5, 10, 12], "summary": {"covered_lines": 5, "num_statements": 5, "percent_covered": 100.0, "percent_covered_display": "100", "missing_lines": 0, "excluded_lines": 0, "percent_statements_covered": 100.0, "percent_statements_covered_display": "100"}, "missing_lines": [], "excluded_lines": [], "start_line": 1}}}, "anse\\symbolic\\evaluator.py": {"executed_lines": [20, 22, 23, 24, 25, 27, 32, 33, 34, 35, 36, 37, 38, 39, 40, 44, 56, 57, 58, 59, 61, 62, 64, 65, 67, 68, 70, 71, 76, 86, 90, 94, 113, 114, 117, 121, 122, 123, 124, 125, 126, 131, 141, 147, 148, 150, 151, 157, 158, 164, 165, 171, 172, 178, 179, 186, 191, 192, 197, 205, 206, 210, 213, 220, 221, 222], "summary": {"covered_lines": 66, "num_statements": 66, "percent_covered": 100.0, "percent_covered_display": "100", "missing_lines": 0, "excluded_lines": 0, "percent_statements_covered": 100.0, "percent_statements_covered_display": "100"}, "missing_lines": [], "excluded_lines": [], "functions": {"EnergyEvaluator.__init__": {"executed_lines": [90], "summary": {"covered_lines": 1, "num_statements": 1, "percent_covered": 100.0, "percent_covered_display": "100", "missing_lines": 0, "excluded_lines": 0, "percent_statements_covered": 100.0, "percent_statements_covered_display": "100"}, "missing_lines": [], "excluded_lines": [], "start_line": 86}, "EnergyEvaluator.evaluate": {"executed_lines": [113, 114, 117, 121, 122, 123, 124, 125, 126, 131], "summary": {"covered_lines": 10, "num_statements": 10, "percent_covered": 100.0, "percent_covered_display": "100", "missing_lines": 0, "excluded_lines": 0, "percent_statements_covered": 100.0, "percent_statements_covered_display": "100"}, "missing_lines": [], "excluded_lines": [], "start_line": 94}, "EnergyEvaluator._categorise": {"executed_lines": [147, 148, 150, 151, 157, 158, 164, 165, 171, 172, 178, 179, 186, 191, 192, 197], "summary": {"covered_lines": 16, "num_statements": 16, "percent_covered": 100.0, "percent_covered_display": "100", "missing_lines": 0, "excluded_lines": 0, "percent_statements_covered": 100.0, "percent_statements_covered_display": "100"}, "missing_lines": [], "excluded_lines": [], "start_line": 141}, "_matches": {"executed_lines": [206], "summary": {"covered_lines": 1, "num_statements": 1, "percent_covered": 100.0, "percent_covered_display": "100", "missing_lines": 0, "excluded_lines": 0, "percent_statements_covered": 100.0, "percent_statements_covered_display": "100"}, "missing_lines": [], "excluded_lines": [], "start_line": 205}, "evaluate_energy": {"executed_lines": [220, 221, 222], "summary": {"covered_lines": 3, "num_statements": 3, "percent_covered": 100.0, "percent_covered_display": "100", "missing_lines": 0, "excluded_lines": 0, "percent_statements_covered": 100.0, "percent_statements_covered_display": "100"}, "missing_lines": [], "excluded_lines": [], "start_line": 213}, "": {"executed_lines": [20, 22, 23, 24, 25, 27, 32, 33, 34, 35, 36, 37, 38, 39, 40, 44, 56, 57, 58, 59, 61, 62, 64, 65, 67, 68, 70, 71, 76, 86, 94, 141, 205, 210, 213], "summary": {"covered_lines": 35, "num_statements": 35, "percent_covered": 100.0, "percent_covered_display": "100", "missing_lines": 0, "excluded_lines": 0, "percent_statements_covered": 100.0, "percent_statements_covered_display": "100"}, "missing_lines": [], "excluded_lines": [], "start_line": 1}}, "classes": {"EnergyCategory": {"executed_lines": [], "summary": {"covered_lines": 0, "num_statements": 0, "percent_covered": 100.0, "percent_covered_display": "100", "missing_lines": 0, "excluded_lines": 0, "percent_statements_covered": 100.0, "percent_statements_covered_display": "100"}, "missing_lines": [], "excluded_lines": [], "start_line": 32}, "EnergyResult": {"executed_lines": [], "summary": {"covered_lines": 0, "num_statements": 0, "percent_covered": 100.0, "percent_covered_display": "100", "missing_lines": 0, "excluded_lines": 0, "percent_statements_covered": 100.0, "percent_statements_covered_display": "100"}, "missing_lines": [], "excluded_lines": [], "start_line": 57}, "EnergyEvaluator": {"executed_lines": [90, 113, 114, 117, 121, 122, 123, 124, 125, 126, 131, 147, 148, 150, 151, 157, 158, 164, 165, 171, 172, 178, 179, 186, 191, 192, 197], "summary": {"covered_lines": 27, "num_statements": 27, "percent_covered": 100.0, "percent_covered_display": "100", "missing_lines": 0, "excluded_lines": 0, "percent_statements_covered": 100.0, "percent_statements_covered_display": "100"}, "missing_lines": [], "excluded_lines": [], "start_line": 76}, "": {"executed_lines": [20, 22, 23, 24, 25, 27, 32, 33, 34, 35, 36, 37, 38, 39, 40, 44, 56, 57, 58, 59, 61, 62, 64, 65, 67, 68, 70, 71, 76, 86, 94, 141, 205, 206, 210, 213, 220, 221, 222], "summary": {"covered_lines": 39, "num_statements": 39, "percent_covered": 100.0, "percent_covered_display": "100", "missing_lines": 0, "excluded_lines": 0, "percent_statements_covered": 100.0, "percent_statements_covered_display": "100"}, "missing_lines": [], "excluded_lines": [], "start_line": 1}}}, "anse\\symbolic\\ml_evaluator.py": {"executed_lines": [], "summary": {"covered_lines": 0, "num_statements": 35, "percent_covered": 0.0, "percent_covered_display": "0", "missing_lines": 35, "excluded_lines": 0, "percent_statements_covered": 0.0, "percent_statements_covered_display": "0"}, "missing_lines": [8, 10, 11, 13, 14, 15, 18, 22, 23, 24, 25, 27, 28, 31, 32, 38, 39, 45, 46, 52, 53, 59, 60, 67, 68, 69, 88, 89, 91, 92, 99, 100, 108, 122, 123], "excluded_lines": [], "functions": {"MLEnergyEvaluator.__init__": {"executed_lines": [], "summary": {"covered_lines": 0, "num_statements": 3, "percent_covered": 0.0, "percent_covered_display": "0", "missing_lines": 3, "excluded_lines": 0, "percent_statements_covered": 0.0, "percent_statements_covered_display": "0"}, "missing_lines": [23, 24, 25], "excluded_lines": [], "start_line": 22}, "MLEnergyEvaluator.evaluate": {"executed_lines": [], "summary": {"covered_lines": 0, "num_statements": 21, "percent_covered": 0.0, "percent_covered_display": "0", "missing_lines": 21, "excluded_lines": 0, "percent_statements_covered": 0.0, "percent_statements_covered_display": "0"}, "missing_lines": [28, 31, 32, 38, 39, 45, 46, 52, 53, 59, 60, 67, 68, 69, 88, 89, 91, 92, 99, 100, 108], "excluded_lines": [], "start_line": 27}, "MLEnergyEvaluator._build_failure_result": {"executed_lines": [], "summary": {"covered_lines": 0, "num_statements": 1, "percent_covered": 0.0, "percent_covered_display": "0", "missing_lines": 1, "excluded_lines": 0, "percent_statements_covered": 0.0, "percent_statements_covered_display": "0"}, "missing_lines": [123], "excluded_lines": [], "start_line": 122}, "": {"executed_lines": [], "summary": {"covered_lines": 0, "num_statements": 10, "percent_covered": 0.0, "percent_covered_display": "0", "missing_lines": 10, "excluded_lines": 0, "percent_statements_covered": 0.0, "percent_statements_covered_display": "0"}, "missing_lines": [8, 10, 11, 13, 14, 15, 18, 22, 27, 122], "excluded_lines": [], "start_line": 1}}, "classes": {"MLEnergyEvaluator": {"executed_lines": [], "summary": {"covered_lines": 0, "num_statements": 25, "percent_covered": 0.0, "percent_covered_display": "0", "missing_lines": 25, "excluded_lines": 0, "percent_statements_covered": 0.0, "percent_statements_covered_display": "0"}, "missing_lines": [23, 24, 25, 28, 31, 32, 38, 39, 45, 46, 52, 53, 59, 60, 67, 68, 69, 88, 89, 91, 92, 99, 100, 108, 123], "excluded_lines": [], "start_line": 18}, "": {"executed_lines": [], "summary": {"covered_lines": 0, "num_statements": 10, "percent_covered": 0.0, "percent_covered_display": "0", "missing_lines": 10, "excluded_lines": 0, "percent_statements_covered": 0.0, "percent_statements_covered_display": "0"}, "missing_lines": [8, 10, 11, 13, 14, 15, 18, 22, 27, 122], "excluded_lines": [], "start_line": 1}}}, "anse\\symbolic\\ml_sandbox.py": {"executed_lines": [], "summary": {"covered_lines": 0, "num_statements": 75, "percent_covered": 0.0, "percent_covered_display": "0", "missing_lines": 75, "excluded_lines": 0, "percent_statements_covered": 0.0, "percent_statements_covered_display": "0"}, "missing_lines": [10, 12, 13, 14, 15, 16, 17, 18, 19, 20, 21, 23, 24, 27, 28, 29, 30, 31, 32, 33, 34, 37, 148, 150, 151, 152, 153, 154, 155, 157, 158, 159, 160, 161, 162, 163, 165, 173, 176, 177, 178, 179, 180, 181, 184, 185, 186, 187, 188, 189, 191, 192, 193, 194, 195, 196, 197, 198, 199, 200, 201, 202, 203, 205, 220, 221, 222, 233, 237, 238, 240, 244, 245, 246, 247], "excluded_lines": [], "functions": {"_tier1_ml_execute": {"executed_lines": [], "summary": {"covered_lines": 0, "num_statements": 44, "percent_covered": 0.0, "percent_covered_display": "0", "missing_lines": 44, "excluded_lines": 0, "percent_statements_covered": 0.0, "percent_statements_covered_display": "0"}, "missing_lines": [150, 151, 152, 153, 154, 155, 157, 158, 159, 160, 161, 162, 163, 165, 173, 176, 177, 178, 179, 180, 181, 184, 185, 186, 187, 188, 189, 191, 192, 193, 194, 195, 196, 197, 198, 199, 200, 201, 202, 203, 205, 220, 221, 222], "excluded_lines": [], "start_line": 148}, "MLSandboxExecutor.__init__": {"executed_lines": [], "summary": {"covered_lines": 0, "num_statements": 1, "percent_covered": 0.0, "percent_covered_display": "0", "missing_lines": 1, "excluded_lines": 0, "percent_statements_covered": 0.0, "percent_statements_covered_display": "0"}, "missing_lines": [238], "excluded_lines": [], "start_line": 237}, "MLSandboxExecutor.execute": {"executed_lines": [], "summary": {"covered_lines": 0, "num_statements": 4, "percent_covered": 0.0, "percent_covered_display": "0", "missing_lines": 4, "excluded_lines": 0, "percent_statements_covered": 0.0, "percent_statements_covered_display": "0"}, "missing_lines": [244, 245, 246, 247], "excluded_lines": [], "start_line": 240}, "": {"executed_lines": [], "summary": {"covered_lines": 0, "num_statements": 26, "percent_covered": 0.0, "percent_covered_display": "0", "missing_lines": 26, "excluded_lines": 0, "percent_statements_covered": 0.0, "percent_statements_covered_display": "0"}, "missing_lines": [10, 12, 13, 14, 15, 16, 17, 18, 19, 20, 21, 23, 24, 27, 28, 29, 30, 31, 32, 33, 34, 37, 148, 233, 237, 240], "excluded_lines": [], "start_line": 1}}, "classes": {"MLExecutionResult": {"executed_lines": [], "summary": {"covered_lines": 0, "num_statements": 0, "percent_covered": 100.0, "percent_covered_display": "100", "missing_lines": 0, "excluded_lines": 0, "percent_statements_covered": 100.0, "percent_statements_covered_display": "100"}, "missing_lines": [], "excluded_lines": [], "start_line": 28}, "MLSandboxExecutor": {"executed_lines": [], "summary": {"covered_lines": 0, "num_statements": 5, "percent_covered": 0.0, "percent_covered_display": "0", "missing_lines": 5, "excluded_lines": 0, "percent_statements_covered": 0.0, "percent_statements_covered_display": "0"}, "missing_lines": [238, 244, 245, 246, 247], "excluded_lines": [], "start_line": 233}, "": {"executed_lines": [], "summary": {"covered_lines": 0, "num_statements": 70, "percent_covered": 0.0, "percent_covered_display": "0", "missing_lines": 70, "excluded_lines": 0, "percent_statements_covered": 0.0, "percent_statements_covered_display": "0"}, "missing_lines": [10, 12, 13, 14, 15, 16, 17, 18, 19, 20, 21, 23, 24, 27, 28, 29, 30, 31, 32, 33, 34, 37, 148, 150, 151, 152, 153, 154, 155, 157, 158, 159, 160, 161, 162, 163, 165, 173, 176, 177, 178, 179, 180, 181, 184, 185, 186, 187, 188, 189, 191, 192, 193, 194, 195, 196, 197, 198, 199, 200, 201, 202, 203, 205, 220, 221, 222, 233, 237, 240], "excluded_lines": [], "start_line": 1}}}, "anse\\symbolic\\parser.py": {"executed_lines": [11, 13, 14, 15, 20, 21, 22, 23, 25, 26, 28, 29, 31, 32, 38, 44, 50, 58, 70, 73, 74, 75, 76, 84, 85, 86, 87, 95, 96, 99, 100, 101, 108, 113, 118, 120, 121, 122, 131, 132, 133, 134, 143, 148, 150, 153], "summary": {"covered_lines": 46, "num_statements": 46, "percent_covered": 100.0, "percent_covered_display": "100", "missing_lines": 0, "excluded_lines": 0, "percent_statements_covered": 100.0, "percent_statements_covered_display": "100"}, "missing_lines": [], "excluded_lines": [], "functions": {"extract_code": {"executed_lines": [70, 73, 74, 75, 76, 84, 85, 86, 87, 95, 96, 99, 100, 101, 108], "summary": {"covered_lines": 15, "num_statements": 15, "percent_covered": 100.0, "percent_covered_display": "100", "missing_lines": 0, "excluded_lines": 0, "percent_statements_covered": 100.0, "percent_statements_covered_display": "100"}, "missing_lines": [], "excluded_lines": [], "start_line": 58}, "extract_all_code_blocks": {"executed_lines": [118, 120, 121, 122, 131, 132, 133, 134, 143], "summary": {"covered_lines": 9, "num_statements": 9, "percent_covered": 100.0, "percent_covered_display": "100", "missing_lines": 0, "excluded_lines": 0, "percent_statements_covered": 100.0, "percent_statements_covered_display": "100"}, "missing_lines": [], "excluded_lines": [], "start_line": 113}, "_clean": {"executed_lines": [150], "summary": {"covered_lines": 1, "num_statements": 1, "percent_covered": 100.0, "percent_covered_display": "100", "missing_lines": 0, "excluded_lines": 0, "percent_statements_covered": 100.0, "percent_statements_covered_display": "100"}, "missing_lines": [], "excluded_lines": [], "start_line": 148}, "": {"executed_lines": [11, 13, 14, 15, 20, 21, 22, 23, 25, 26, 28, 29, 31, 32, 38, 44, 50, 58, 113, 148, 153], "summary": {"covered_lines": 21, "num_statements": 21, "percent_covered": 100.0, "percent_covered_display": "100", "missing_lines": 0, "excluded_lines": 0, "percent_statements_covered": 100.0, "percent_statements_covered_display": "100"}, "missing_lines": [], "excluded_lines": [], "start_line": 1}}, "classes": {"ParseResult": {"executed_lines": [], "summary": {"covered_lines": 0, "num_statements": 0, "percent_covered": 100.0, "percent_covered_display": "100", "missing_lines": 0, "excluded_lines": 0, "percent_statements_covered": 100.0, "percent_statements_covered_display": "100"}, "missing_lines": [], "excluded_lines": [], "start_line": 21}, "NoCodeFoundError": {"executed_lines": [], "summary": {"covered_lines": 0, "num_statements": 0, "percent_covered": 100.0, "percent_covered_display": "100", "missing_lines": 0, "excluded_lines": 0, "percent_statements_covered": 100.0, "percent_statements_covered_display": "100"}, "missing_lines": [], "excluded_lines": [], "start_line": 153}, "": {"executed_lines": [11, 13, 14, 15, 20, 21, 22, 23, 25, 26, 28, 29, 31, 32, 38, 44, 50, 58, 70, 73, 74, 75, 76, 84, 85, 86, 87, 95, 96, 99, 100, 101, 108, 113, 118, 120, 121, 122, 131, 132, 133, 134, 143, 148, 150, 153], "summary": {"covered_lines": 46, "num_statements": 46, "percent_covered": 100.0, "percent_covered_display": "100", "missing_lines": 0, "excluded_lines": 0, "percent_statements_covered": 100.0, "percent_statements_covered_display": "100"}, "missing_lines": [], "excluded_lines": [], "start_line": 1}}}, "anse\\symbolic\\performance_evaluator.py": {"executed_lines": [17, 19, 20, 21, 22, 24, 25, 30, 31, 32, 33, 34, 35, 36, 37, 38, 39, 42, 43, 46, 47, 49, 50, 52, 53, 55, 56, 58, 59, 61, 62, 64, 65, 67, 68, 70, 71, 73, 74, 76, 77, 82, 88, 91, 250], "summary": {"covered_lines": 45, "num_statements": 94, "percent_covered": 47.87234042553192, "percent_covered_display": "48", "missing_lines": 49, "excluded_lines": 0, "percent_statements_covered": 47.87234042553192, "percent_statements_covered_display": "48"}, "missing_lines": [89, 113, 114, 117, 118, 127, 128, 137, 138, 148, 149, 158, 159, 160, 161, 162, 172, 173, 175, 179, 180, 181, 182, 184, 185, 186, 187, 191, 192, 193, 194, 197, 198, 199, 200, 201, 202, 203, 205, 207, 210, 211, 212, 219, 220, 221, 225, 236, 257], "excluded_lines": [], "functions": {"PerformanceEnergyEvaluator.__init__": {"executed_lines": [], "summary": {"covered_lines": 0, "num_statements": 1, "percent_covered": 0.0, "percent_covered_display": "0", "missing_lines": 1, "excluded_lines": 0, "percent_statements_covered": 0.0, "percent_statements_covered_display": "0"}, "missing_lines": [89], "excluded_lines": [], "start_line": 88}, "PerformanceEnergyEvaluator.evaluate": {"executed_lines": [], "summary": {"covered_lines": 0, "num_statements": 47, "percent_covered": 0.0, "percent_covered_display": "0", "missing_lines": 47, "excluded_lines": 0, "percent_statements_covered": 0.0, "percent_statements_covered_display": "0"}, "missing_lines": [113, 114, 117, 118, 127, 128, 137, 138, 148, 149, 158, 159, 160, 161, 162, 172, 173, 175, 179, 180, 181, 182, 184, 185, 186, 187, 191, 192, 193, 194, 197, 198, 199, 200, 201, 202, 203, 205, 207, 210, 211, 212, 219, 220, 221, 225, 236], "excluded_lines": [], "start_line": 91}, "PerformanceEnergyEvaluator._build_failure_result": {"executed_lines": [], "summary": {"covered_lines": 0, "num_statements": 1, "percent_covered": 0.0, "percent_covered_display": "0", "missing_lines": 1, "excluded_lines": 0, "percent_statements_covered": 0.0, "percent_statements_covered_display": "0"}, "missing_lines": [257], "excluded_lines": [], "start_line": 250}, "": {"executed_lines": [17, 19, 20, 21, 22, 24, 25, 30, 31, 32, 33, 34, 35, 36, 37, 38, 39, 42, 43, 46, 47, 49, 50, 52, 53, 55, 56, 58, 59, 61, 62, 64, 65, 67, 68, 70, 71, 73, 74, 76, 77, 82, 88, 91, 250], "summary": {"covered_lines": 45, "num_statements": 45, "percent_covered": 100.0, "percent_covered_display": "100", "missing_lines": 0, "excluded_lines": 0, "percent_statements_covered": 100.0, "percent_statements_covered_display": "100"}, "missing_lines": [], "excluded_lines": [], "start_line": 1}}, "classes": {"PerformanceCategory": {"executed_lines": [], "summary": {"covered_lines": 0, "num_statements": 0, "percent_covered": 100.0, "percent_covered_display": "100", "missing_lines": 0, "excluded_lines": 0, "percent_statements_covered": 100.0, "percent_statements_covered_display": "100"}, "missing_lines": [], "excluded_lines": [], "start_line": 30}, "PerformanceEnergyResult": {"executed_lines": [], "summary": {"covered_lines": 0, "num_statements": 0, "percent_covered": 100.0, "percent_covered_display": "100", "missing_lines": 0, "excluded_lines": 0, "percent_statements_covered": 100.0, "percent_statements_covered_display": "100"}, "missing_lines": [], "excluded_lines": [], "start_line": 43}, "PerformanceEnergyEvaluator": {"executed_lines": [], "summary": {"covered_lines": 0, "num_statements": 49, "percent_covered": 0.0, "percent_covered_display": "0", "missing_lines": 49, "excluded_lines": 0, "percent_statements_covered": 0.0, "percent_statements_covered_display": "0"}, "missing_lines": [89, 113, 114, 117, 118, 127, 128, 137, 138, 148, 149, 158, 159, 160, 161, 162, 172, 173, 175, 179, 180, 181, 182, 184, 185, 186, 187, 191, 192, 193, 194, 197, 198, 199, 200, 201, 202, 203, 205, 207, 210, 211, 212, 219, 220, 221, 225, 236, 257], "excluded_lines": [], "start_line": 82}, "": {"executed_lines": [17, 19, 20, 21, 22, 24, 25, 30, 31, 32, 33, 34, 35, 36, 37, 38, 39, 42, 43, 46, 47, 49, 50, 52, 53, 55, 56, 58, 59, 61, 62, 64, 65, 67, 68, 70, 71, 73, 74, 76, 77, 82, 88, 91, 250], "summary": {"covered_lines": 45, "num_statements": 45, "percent_covered": 100.0, "percent_covered_display": "100", "missing_lines": 0, "excluded_lines": 0, "percent_statements_covered": 100.0, "percent_statements_covered_display": "100"}, "missing_lines": [], "excluded_lines": [], "start_line": 1}}}, "anse\\symbolic\\sandbox.py": {"executed_lines": [12, 14, 15, 16, 17, 18, 19, 20, 21, 22, 23, 25, 30, 31, 32, 33, 34, 35, 36, 37, 38, 39, 40, 41, 46, 49, 50, 51, 53, 54, 55, 56, 57, 58, 60, 61, 62, 63, 64, 65, 68, 74, 75, 76, 77, 78, 79, 80, 85, 145, 151, 152, 153, 154, 155, 156, 157, 159, 160, 161, 162, 163, 164, 165, 167, 175, 176, 177, 178, 182, 183, 184, 185, 189, 198, 199, 200, 213, 223, 224, 225, 226, 228, 229, 230, 233, 234, 236, 237, 238, 240, 241, 242, 255, 256, 257, 266, 267, 268, 269, 282, 294, 299, 301, 317, 319, 320, 321, 322, 325], "summary": {"covered_lines": 110, "num_statements": 114, "percent_covered": 96.49122807017544, "percent_covered_display": "96", "missing_lines": 4, "excluded_lines": 0, "percent_statements_covered": 96.49122807017544, "percent_statements_covered_display": "96"}, "missing_lines": [179, 180, 186, 187], "excluded_lines": [], "functions": {"_DangerousImportVisitor.__init__": {"executed_lines": [50, 51], "summary": {"covered_lines": 2, "num_statements": 2, "percent_covered": 100.0, "percent_covered_display": "100", "missing_lines": 0, "excluded_lines": 0, "percent_statements_covered": 100.0, "percent_statements_covered_display": "100"}, "missing_lines": [], "excluded_lines": [], "start_line": 49}, "_DangerousImportVisitor.visit_Import": {"executed_lines": [54, 55, 56, 57, 58], "summary": {"covered_lines": 5, "num_statements": 5, "percent_covered": 100.0, "percent_covered_display": "100", "missing_lines": 0, "excluded_lines": 0, "percent_statements_covered": 100.0, "percent_statements_covered_display": "100"}, "missing_lines": [], "excluded_lines": [], "start_line": 53}, "_DangerousImportVisitor.visit_ImportFrom": {"executed_lines": [61, 62, 63, 64, 65], "summary": {"covered_lines": 5, "num_statements": 5, "percent_covered": 100.0, "percent_covered_display": "100", "missing_lines": 0, "excluded_lines": 0, "percent_statements_covered": 100.0, "percent_statements_covered_display": "100"}, "missing_lines": [], "excluded_lines": [], "start_line": 60}, "scan_dangerous_imports": {"executed_lines": [74, 75, 76, 77, 78, 79, 80], "summary": {"covered_lines": 7, "num_statements": 7, "percent_covered": 100.0, "percent_covered_display": "100", "missing_lines": 0, "excluded_lines": 0, "percent_statements_covered": 100.0, "percent_statements_covered_display": "100"}, "missing_lines": [], "excluded_lines": [], "start_line": 68}, "_tier1_execute": {"executed_lines": [151, 152, 153, 154, 155, 156, 157, 159, 160, 161, 162, 163, 164, 165, 167, 175, 176, 177, 178, 182, 183, 184, 185, 189, 198, 199, 200], "summary": {"covered_lines": 27, "num_statements": 31, "percent_covered": 87.09677419354838, "percent_covered_display": "87", "missing_lines": 4, "excluded_lines": 0, "percent_statements_covered": 87.09677419354838, "percent_statements_covered_display": "87"}, "missing_lines": [179, 180, 186, 187], "excluded_lines": [], "start_line": 145}, "_tier2_execute": {"executed_lines": [223, 224, 225, 226, 228, 229, 230, 233, 234, 236, 237, 238, 240, 241, 242, 255, 256, 257, 266, 267, 268, 269], "summary": {"covered_lines": 22, "num_statements": 22, "percent_covered": 100.0, "percent_covered_display": "100", "missing_lines": 0, "excluded_lines": 0, "percent_statements_covered": 100.0, "percent_statements_covered_display": "100"}, "missing_lines": [], "excluded_lines": [], "start_line": 213}, "SandboxExecutor.__init__": {"executed_lines": [299], "summary": {"covered_lines": 1, "num_statements": 1, "percent_covered": 100.0, "percent_covered_display": "100", "missing_lines": 0, "excluded_lines": 0, "percent_statements_covered": 100.0, "percent_statements_covered_display": "100"}, "missing_lines": [], "excluded_lines": [], "start_line": 294}, "SandboxExecutor.execute": {"executed_lines": [317, 319, 320, 321, 322, 325], "summary": {"covered_lines": 6, "num_statements": 6, "percent_covered": 100.0, "percent_covered_display": "100", "missing_lines": 0, "excluded_lines": 0, "percent_statements_covered": 100.0, "percent_statements_covered_display": "100"}, "missing_lines": [], "excluded_lines": [], "start_line": 301}, "": {"executed_lines": [12, 14, 15, 16, 17, 18, 19, 20, 21, 22, 23, 25, 30, 31, 32, 33, 34, 35, 36, 37, 38, 39, 40, 41, 46, 49, 53, 60, 68, 85, 145, 213, 282, 294, 301], "summary": {"covered_lines": 35, "num_statements": 35, "percent_covered": 100.0, "percent_covered_display": "100", "missing_lines": 0, "excluded_lines": 0, "percent_statements_covered": 100.0, "percent_statements_covered_display": "100"}, "missing_lines": [], "excluded_lines": [], "start_line": 1}}, "classes": {"ExecutionResult": {"executed_lines": [], "summary": {"covered_lines": 0, "num_statements": 0, "percent_covered": 100.0, "percent_covered_display": "100", "missing_lines": 0, "excluded_lines": 0, "percent_statements_covered": 100.0, "percent_statements_covered_display": "100"}, "missing_lines": [], "excluded_lines": [], "start_line": 31}, "_DangerousImportVisitor": {"executed_lines": [50, 51, 54, 55, 56, 57, 58, 61, 62, 63, 64, 65], "summary": {"covered_lines": 12, "num_statements": 12, "percent_covered": 100.0, "percent_covered_display": "100", "missing_lines": 0, "excluded_lines": 0, "percent_statements_covered": 100.0, "percent_statements_covered_display": "100"}, "missing_lines": [], "excluded_lines": [], "start_line": 46}, "SandboxExecutor": {"executed_lines": [299, 317, 319, 320, 321, 322, 325], "summary": {"covered_lines": 7, "num_statements": 7, "percent_covered": 100.0, "percent_covered_display": "100", "missing_lines": 0, "excluded_lines": 0, "percent_statements_covered": 100.0, "percent_statements_covered_display": "100"}, "missing_lines": [], "excluded_lines": [], "start_line": 282}, "": {"executed_lines": [12, 14, 15, 16, 17, 18, 19, 20, 21, 22, 23, 25, 30, 31, 32, 33, 34, 35, 36, 37, 38, 39, 40, 41, 46, 49, 53, 60, 68, 74, 75, 76, 77, 78, 79, 80, 85, 145, 151, 152, 153, 154, 155, 156, 157, 159, 160, 161, 162, 163, 164, 165, 167, 175, 176, 177, 178, 182, 183, 184, 185, 189, 198, 199, 200, 213, 223, 224, 225, 226, 228, 229, 230, 233, 234, 236, 237, 238, 240, 241, 242, 255, 256, 257, 266, 267, 268, 269, 282, 294, 301], "summary": {"covered_lines": 91, "num_statements": 95, "percent_covered": 95.78947368421052, "percent_covered_display": "96", "missing_lines": 4, "excluded_lines": 0, "percent_statements_covered": 95.78947368421052, "percent_statements_covered_display": "96"}, "missing_lines": [179, 180, 186, 187], "excluded_lines": [], "start_line": 1}}}}, "totals": {"covered_lines": 272, "num_statements": 435, "percent_covered": 62.52873563218391, "percent_covered_display": "63", "missing_lines": 163, "excluded_lines": 0, "percent_statements_covered": 62.52873563218391, "percent_statements_covered_display": "63"}}